TN:
SF:/Users/forsite/Desktop/dev/asl-hoyland/src-tauri/src/main.rs
FN:109,list_ports
FN:120,open_port
FN:158,close_port
FN:171,log_test_port_data
FN:176,perform_real_port_write
FN:196,write_to_port
FN:227,set_frequency
FN:262,set_amplitude
FN:287,sine_wave
FN:296,set_both_channels_to_square_wave
FN:328,send_initial_commands
FN:365,sync
FN:395,send_secondary_commands
FN:433,stop_and_reset
FN:465,reconnect_device
FN:539,main
FNF:16
FNDA:1,list_ports
FNDA:0,open_port
FNDA:0,close_port
FNDA:1,log_test_port_data
FNDA:2,perform_real_port_write
FNDA:0,write_to_port
FNDA:0,set_frequency
FNDA:0,set_amplitude
FNDA:0,sine_wave
FNDA:0,set_both_channels_to_square_wave
FNDA:0,send_initial_commands
FNDA:0,sync
FNDA:0,send_secondary_commands
FNDA:0,stop_and_reset
FNDA:0,reconnect_device
FNDA:0,main
DA:109,1
DA:110,2
DA:111,2
DA:112,5
DA:113,1
DA:114,4
DA:115,2
DA:116,1
DA:120,0
DA:121,0
DA:122,0
DA:124,0
DA:126,0
DA:127,0
DA:130,0
DA:131,0
DA:132,0
DA:133,0
DA:134,0
DA:137,0
DA:138,0
DA:139,0
DA:140,0
DA:141,0
DA:142,0
DA:143,0
DA:144,0
DA:145,0
DA:146,0
DA:147,0
DA:149,0
DA:150,0
DA:151,0
DA:152,0
DA:158,0
DA:159,0
DA:160,0
DA:161,0
DA:162,0
DA:163,0
DA:164,0
DA:166,0
DA:167,0
DA:171,1
DA:172,2
DA:173,1
DA:176,2
DA:177,4
DA:178,4
DA:179,7
DA:180,2
DA:181,0
DA:182,0
DA:183,0
DA:185,0
DA:186,0
DA:187,0
DA:189,0
DA:192,2
DA:196,0
DA:197,0
DA:198,0
DA:200,0
DA:201,0
DA:202,0
DA:206,0
DA:207,0
DA:208,0
DA:210,0
DA:211,0
DA:212,0
DA:213,0
DA:215,0
DA:216,0
DA:217,0
DA:218,0
DA:219,0
DA:223,0
DA:227,0
DA:229,0
DA:232,0
DA:233,0
DA:236,0
DA:239,0
DA:240,0
DA:241,0
DA:242,0
DA:246,0
DA:249,0
DA:252,0
DA:253,0
DA:254,0
DA:256,0
DA:258,0
DA:262,0
DA:263,0
DA:265,0
DA:266,0
DA:267,0
DA:270,0
DA:271,0
DA:272,0
DA:273,0
DA:275,0
DA:276,0
DA:277,0
DA:280,0
DA:283,0
DA:287,0
DA:288,0
DA:289,0
DA:290,0
DA:296,0
DA:297,0
DA:298,0
DA:301,0
DA:306,0
DA:310,0
DA:311,0
DA:312,0
DA:313,0
DA:314,0
DA:315,0
DA:316,0
DA:319,0
DA:322,0
DA:328,0
DA:329,0
DA:330,0
DA:333,0
DA:344,0
DA:348,0
DA:349,0
DA:350,0
DA:351,0
DA:352,0
DA:353,0
DA:354,0
DA:357,0
DA:360,0
DA:365,0
DA:366,0
DA:367,0
DA:369,0
DA:377,0
DA:379,0
DA:380,0
DA:381,0
DA:382,0
DA:383,0
DA:384,0
DA:385,0
DA:388,0
DA:391,0
DA:395,0
DA:396,0
DA:397,0
DA:400,0
DA:411,0
DA:415,0
DA:416,0
DA:417,0
DA:418,0
DA:419,0
DA:420,0
DA:421,0
DA:424,0
DA:427,0
DA:433,0
DA:434,0
DA:435,0
DA:437,0
DA:438,0
DA:439,0
DA:440,0
DA:441,0
DA:442,0
DA:443,0
DA:444,0
DA:445,0
DA:446,0
DA:449,0
DA:450,0
DA:451,0
DA:452,0
DA:453,0
DA:454,0
DA:455,0
DA:458,0
DA:461,0
DA:465,0
DA:466,0
DA:470,0
DA:471,0
DA:472,0
DA:473,0
DA:478,0
DA:479,0
DA:481,0
DA:482,0
DA:486,0
DA:487,0
DA:488,0
DA:489,0
DA:490,0
DA:491,0
DA:492,0
DA:493,0
DA:494,0
DA:495,0
DA:496,0
DA:497,0
DA:498,0
DA:499,0
DA:500,0
DA:501,0
DA:502,0
DA:503,0
DA:504,0
DA:505,0
DA:506,0
DA:507,0
DA:508,0
DA:509,0
DA:510,0
DA:511,0
DA:512,0
DA:515,0
DA:516,0
DA:520,0
DA:521,0
DA:526,0
DA:528,0
DA:529,0
DA:530,0
DA:531,0
DA:532,0
DA:533,0
DA:536,0
DA:539,0
DA:543,0
DA:544,0
DA:545,0
DA:546,0
DA:548,0
DA:549,0
DA:550,0
DA:552,0
DA:567,0
LF:249
LH:17
end_of_record
