{"/Users/forsite/Desktop/dev/asl-hoyland/src/App.tsx": {"path":"/Users/forsite/Desktop/dev/asl-hoyland/src/App.tsx","all":false,"statementMap":{"0":{"start":{"line":1,"column":0},"end":{"line":1,"column":72}},"1":{"start":{"line":2,"column":0},"end":{"line":2,"column":83}},"2":{"start":{"line":3,"column":0},"end":{"line":3,"column":26}},"3":{"start":{"line":4,"column":0},"end":{"line":4,"column":54}},"4":{"start":{"line":5,"column":0},"end":{"line":5,"column":52}},"5":{"start":{"line":6,"column":0},"end":{"line":6,"column":44}},"6":{"start":{"line":7,"column":0},"end":{"line":7,"column":48}},"7":{"start":{"line":8,"column":0},"end":{"line":8,"column":58}},"8":{"start":{"line":9,"column":0},"end":{"line":9,"column":38}},"9":{"start":{"line":10,"column":0},"end":{"line":10,"column":49}},"10":{"start":{"line":11,"column":0},"end":{"line":11,"column":0}},"11":{"start":{"line":12,"column":0},"end":{"line":12,"column":29}},"12":{"start":{"line":13,"column":0},"end":{"line":13,"column":63}},"13":{"start":{"line":14,"column":0},"end":{"line":14,"column":0}},"14":{"start":{"line":15,"column":0},"end":{"line":15,"column":76}},"15":{"start":{"line":16,"column":0},"end":{"line":16,"column":54}},"16":{"start":{"line":17,"column":0},"end":{"line":17,"column":66}},"17":{"start":{"line":18,"column":0},"end":{"line":18,"column":0}},"18":{"start":{"line":19,"column":0},"end":{"line":19,"column":72}},"19":{"start":{"line":20,"column":0},"end":{"line":20,"column":34}},"20":{"start":{"line":21,"column":0},"end":{"line":21,"column":21}},"21":{"start":{"line":22,"column":0},"end":{"line":22,"column":36}},"22":{"start":{"line":23,"column":0},"end":{"line":23,"column":31}},"23":{"start":{"line":24,"column":0},"end":{"line":24,"column":22}},"24":{"start":{"line":25,"column":0},"end":{"line":25,"column":42}},"25":{"start":{"line":26,"column":0},"end":{"line":26,"column":69}},"26":{"start":{"line":27,"column":0},"end":{"line":27,"column":58}},"27":{"start":{"line":28,"column":0},"end":{"line":28,"column":75}},"28":{"start":{"line":29,"column":0},"end":{"line":29,"column":13}},"29":{"start":{"line":30,"column":0},"end":{"line":30,"column":22}},"30":{"start":{"line":31,"column":0},"end":{"line":31,"column":0}},"31":{"start":{"line":32,"column":0},"end":{"line":32,"column":53}},"32":{"start":{"line":33,"column":0},"end":{"line":33,"column":39}},"33":{"start":{"line":34,"column":0},"end":{"line":34,"column":65}},"34":{"start":{"line":35,"column":0},"end":{"line":35,"column":32}},"35":{"start":{"line":36,"column":0},"end":{"line":36,"column":42}},"36":{"start":{"line":37,"column":0},"end":{"line":37,"column":38}},"37":{"start":{"line":38,"column":0},"end":{"line":38,"column":28}},"38":{"start":{"line":39,"column":0},"end":{"line":39,"column":56}},"39":{"start":{"line":40,"column":0},"end":{"line":40,"column":37}},"40":{"start":{"line":41,"column":0},"end":{"line":41,"column":16}},"41":{"start":{"line":42,"column":0},"end":{"line":42,"column":42}},"42":{"start":{"line":43,"column":0},"end":{"line":43,"column":38}},"43":{"start":{"line":44,"column":0},"end":{"line":44,"column":9}},"44":{"start":{"line":45,"column":0},"end":{"line":45,"column":28}},"45":{"start":{"line":46,"column":0},"end":{"line":46,"column":0}},"46":{"start":{"line":47,"column":0},"end":{"line":47,"column":46}},"47":{"start":{"line":48,"column":0},"end":{"line":48,"column":21}},"48":{"start":{"line":49,"column":0},"end":{"line":49,"column":26}},"49":{"start":{"line":50,"column":0},"end":{"line":50,"column":26}},"50":{"start":{"line":51,"column":0},"end":{"line":51,"column":0}},"51":{"start":{"line":52,"column":0},"end":{"line":52,"column":72}},"52":{"start":{"line":53,"column":0},"end":{"line":53,"column":30}},"53":{"start":{"line":54,"column":0},"end":{"line":54,"column":28}},"54":{"start":{"line":55,"column":0},"end":{"line":55,"column":36}},"55":{"start":{"line":56,"column":0},"end":{"line":56,"column":32}},"56":{"start":{"line":57,"column":0},"end":{"line":57,"column":23}},"57":{"start":{"line":58,"column":0},"end":{"line":58,"column":10}},"58":{"start":{"line":59,"column":0},"end":{"line":59,"column":52}},"59":{"start":{"line":60,"column":0},"end":{"line":60,"column":45}},"60":{"start":{"line":61,"column":0},"end":{"line":61,"column":6}},"61":{"start":{"line":62,"column":0},"end":{"line":62,"column":0}},"62":{"start":{"line":63,"column":0},"end":{"line":63,"column":12}},"63":{"start":{"line":64,"column":0},"end":{"line":64,"column":16}},"64":{"start":{"line":65,"column":0},"end":{"line":65,"column":35}},"65":{"start":{"line":66,"column":0},"end":{"line":66,"column":26}},"66":{"start":{"line":67,"column":0},"end":{"line":67,"column":39}},"67":{"start":{"line":68,"column":0},"end":{"line":68,"column":24}},"68":{"start":{"line":69,"column":0},"end":{"line":69,"column":24}},"69":{"start":{"line":70,"column":0},"end":{"line":70,"column":78}},"70":{"start":{"line":71,"column":0},"end":{"line":71,"column":25}},"71":{"start":{"line":72,"column":0},"end":{"line":72,"column":42}},"72":{"start":{"line":73,"column":0},"end":{"line":73,"column":50}},"73":{"start":{"line":74,"column":0},"end":{"line":74,"column":32}},"74":{"start":{"line":75,"column":0},"end":{"line":75,"column":40}},"75":{"start":{"line":76,"column":0},"end":{"line":76,"column":42}},"76":{"start":{"line":77,"column":0},"end":{"line":77,"column":39}},"77":{"start":{"line":78,"column":0},"end":{"line":78,"column":75}},"78":{"start":{"line":79,"column":0},"end":{"line":79,"column":65}},"79":{"start":{"line":80,"column":0},"end":{"line":80,"column":33}},"80":{"start":{"line":81,"column":0},"end":{"line":81,"column":43}},"81":{"start":{"line":82,"column":0},"end":{"line":82,"column":42}},"82":{"start":{"line":83,"column":0},"end":{"line":83,"column":33}},"83":{"start":{"line":84,"column":0},"end":{"line":84,"column":32}},"84":{"start":{"line":85,"column":0},"end":{"line":85,"column":40}},"85":{"start":{"line":86,"column":0},"end":{"line":86,"column":48}},"86":{"start":{"line":87,"column":0},"end":{"line":87,"column":75}},"87":{"start":{"line":88,"column":0},"end":{"line":88,"column":65}},"88":{"start":{"line":89,"column":0},"end":{"line":89,"column":33}},"89":{"start":{"line":90,"column":0},"end":{"line":90,"column":42}},"90":{"start":{"line":91,"column":0},"end":{"line":91,"column":42}},"91":{"start":{"line":92,"column":0},"end":{"line":92,"column":33}},"92":{"start":{"line":93,"column":0},"end":{"line":93,"column":32}},"93":{"start":{"line":94,"column":0},"end":{"line":94,"column":40}},"94":{"start":{"line":95,"column":0},"end":{"line":95,"column":48}},"95":{"start":{"line":96,"column":0},"end":{"line":96,"column":75}},"96":{"start":{"line":97,"column":0},"end":{"line":97,"column":65}},"97":{"start":{"line":98,"column":0},"end":{"line":98,"column":33}},"98":{"start":{"line":99,"column":0},"end":{"line":99,"column":42}},"99":{"start":{"line":100,"column":0},"end":{"line":100,"column":42}},"100":{"start":{"line":101,"column":0},"end":{"line":101,"column":33}},"101":{"start":{"line":102,"column":0},"end":{"line":102,"column":29}},"102":{"start":{"line":103,"column":0},"end":{"line":103,"column":26}},"103":{"start":{"line":104,"column":0},"end":{"line":104,"column":25}},"104":{"start":{"line":105,"column":0},"end":{"line":105,"column":0}},"105":{"start":{"line":106,"column":0},"end":{"line":106,"column":22}},"106":{"start":{"line":107,"column":0},"end":{"line":107,"column":41}},"107":{"start":{"line":108,"column":0},"end":{"line":108,"column":71}},"108":{"start":{"line":109,"column":0},"end":{"line":109,"column":32}},"109":{"start":{"line":110,"column":0},"end":{"line":110,"column":34}},"110":{"start":{"line":111,"column":0},"end":{"line":111,"column":40}},"111":{"start":{"line":112,"column":0},"end":{"line":112,"column":41}},"112":{"start":{"line":113,"column":0},"end":{"line":113,"column":52}},"113":{"start":{"line":114,"column":0},"end":{"line":114,"column":67}},"114":{"start":{"line":115,"column":0},"end":{"line":115,"column":61}},"115":{"start":{"line":116,"column":0},"end":{"line":116,"column":73}},"116":{"start":{"line":117,"column":0},"end":{"line":117,"column":38}},"117":{"start":{"line":118,"column":0},"end":{"line":118,"column":33}},"118":{"start":{"line":119,"column":0},"end":{"line":119,"column":30}},"119":{"start":{"line":120,"column":0},"end":{"line":120,"column":34}},"120":{"start":{"line":121,"column":0},"end":{"line":121,"column":46}},"121":{"start":{"line":122,"column":0},"end":{"line":122,"column":41}},"122":{"start":{"line":123,"column":0},"end":{"line":123,"column":51}},"123":{"start":{"line":124,"column":0},"end":{"line":124,"column":67}},"124":{"start":{"line":125,"column":0},"end":{"line":125,"column":61}},"125":{"start":{"line":126,"column":0},"end":{"line":126,"column":73}},"126":{"start":{"line":127,"column":0},"end":{"line":127,"column":38}},"127":{"start":{"line":128,"column":0},"end":{"line":128,"column":33}},"128":{"start":{"line":129,"column":0},"end":{"line":129,"column":30}},"129":{"start":{"line":130,"column":0},"end":{"line":130,"column":34}},"130":{"start":{"line":131,"column":0},"end":{"line":131,"column":46}},"131":{"start":{"line":132,"column":0},"end":{"line":132,"column":99}},"132":{"start":{"line":133,"column":0},"end":{"line":133,"column":30}},"133":{"start":{"line":134,"column":0},"end":{"line":134,"column":33}},"134":{"start":{"line":135,"column":0},"end":{"line":135,"column":26}},"135":{"start":{"line":136,"column":0},"end":{"line":136,"column":0}},"136":{"start":{"line":137,"column":0},"end":{"line":137,"column":38}},"137":{"start":{"line":138,"column":0},"end":{"line":138,"column":31}},"138":{"start":{"line":139,"column":0},"end":{"line":139,"column":93}},"139":{"start":{"line":140,"column":0},"end":{"line":140,"column":53}},"140":{"start":{"line":141,"column":0},"end":{"line":141,"column":48}},"141":{"start":{"line":142,"column":0},"end":{"line":142,"column":25}},"142":{"start":{"line":143,"column":0},"end":{"line":143,"column":35}},"143":{"start":{"line":144,"column":0},"end":{"line":144,"column":33}},"144":{"start":{"line":145,"column":0},"end":{"line":145,"column":42}},"145":{"start":{"line":146,"column":0},"end":{"line":146,"column":26}},"146":{"start":{"line":147,"column":0},"end":{"line":147,"column":0}},"147":{"start":{"line":148,"column":0},"end":{"line":148,"column":77}},"148":{"start":{"line":149,"column":0},"end":{"line":149,"column":53}},"149":{"start":{"line":150,"column":0},"end":{"line":150,"column":23}},"150":{"start":{"line":151,"column":0},"end":{"line":151,"column":0}},"151":{"start":{"line":152,"column":0},"end":{"line":152,"column":77}},"152":{"start":{"line":153,"column":0},"end":{"line":153,"column":18}},"153":{"start":{"line":154,"column":0},"end":{"line":154,"column":17}},"154":{"start":{"line":155,"column":0},"end":{"line":155,"column":6}},"155":{"start":{"line":156,"column":0},"end":{"line":156,"column":2}},"156":{"start":{"line":157,"column":0},"end":{"line":157,"column":0}},"157":{"start":{"line":158,"column":0},"end":{"line":158,"column":55}},"158":{"start":{"line":159,"column":0},"end":{"line":159,"column":70}},"159":{"start":{"line":160,"column":0},"end":{"line":160,"column":42}},"160":{"start":{"line":161,"column":0},"end":{"line":161,"column":17}},"161":{"start":{"line":162,"column":0},"end":{"line":162,"column":15}},"162":{"start":{"line":163,"column":0},"end":{"line":163,"column":18}},"163":{"start":{"line":164,"column":0},"end":{"line":164,"column":2}},"164":{"start":{"line":165,"column":0},"end":{"line":165,"column":0}},"165":{"start":{"line":166,"column":0},"end":{"line":166,"column":32}}},"s":{"0":1,"1":1,"2":1,"3":1,"4":1,"5":1,"6":1,"7":1,"8":1,"9":1,"10":1,"11":1,"12":29,"13":29,"14":29,"15":29,"16":29,"17":29,"18":29,"19":29,"20":29,"21":15,"22":15,"23":15,"24":15,"25":15,"26":15,"27":15,"28":15,"29":29,"30":29,"31":29,"32":16,"33":16,"34":16,"35":0,"36":0,"37":16,"38":0,"39":0,"40":12,"41":12,"42":12,"43":12,"44":29,"45":29,"46":29,"47":29,"48":15,"49":29,"50":29,"51":29,"52":29,"53":0,"54":0,"55":0,"56":0,"57":0,"58":0,"59":0,"60":0,"61":29,"62":29,"63":29,"64":29,"65":29,"66":29,"67":29,"68":29,"69":29,"70":29,"71":29,"72":29,"73":29,"74":29,"75":29,"76":29,"77":29,"78":29,"79":29,"80":29,"81":29,"82":29,"83":29,"84":29,"85":29,"86":29,"87":29,"88":29,"89":29,"90":29,"91":29,"92":29,"93":29,"94":29,"95":29,"96":29,"97":29,"98":29,"99":29,"100":29,"101":29,"102":29,"103":29,"104":29,"105":29,"106":29,"107":29,"108":29,"109":29,"110":29,"111":29,"112":29,"113":29,"114":29,"115":29,"116":29,"117":29,"118":29,"119":29,"120":29,"121":29,"122":29,"123":29,"124":29,"125":29,"126":29,"127":29,"128":29,"129":29,"130":29,"131":29,"132":29,"133":29,"134":29,"135":29,"136":29,"137":29,"138":29,"139":29,"140":29,"141":29,"142":29,"143":29,"144":29,"145":29,"146":29,"147":29,"148":29,"149":29,"150":29,"151":29,"152":29,"153":29,"154":29,"155":29,"156":1,"157":1,"158":1,"159":1,"160":16,"161":16,"162":16,"163":1,"164":1,"165":1},"branchMap":{"0":{"type":"branch","line":12,"loc":{"start":{"line":12,"column":22},"end":{"line":156,"column":2}},"locations":[{"start":{"line":12,"column":22},"end":{"line":156,"column":2}}]},"1":{"type":"branch","line":78,"loc":{"start":{"line":78,"column":47},"end":{"line":78,"column":72}},"locations":[{"start":{"line":78,"column":47},"end":{"line":78,"column":72}}]},"2":{"type":"branch","line":79,"loc":{"start":{"line":79,"column":46},"end":{"line":79,"column":63}},"locations":[{"start":{"line":79,"column":46},"end":{"line":79,"column":63}}]},"3":{"type":"branch","line":87,"loc":{"start":{"line":87,"column":47},"end":{"line":87,"column":72}},"locations":[{"start":{"line":87,"column":47},"end":{"line":87,"column":72}}]},"4":{"type":"branch","line":88,"loc":{"start":{"line":88,"column":46},"end":{"line":88,"column":63}},"locations":[{"start":{"line":88,"column":46},"end":{"line":88,"column":63}}]},"5":{"type":"branch","line":96,"loc":{"start":{"line":96,"column":47},"end":{"line":96,"column":72}},"locations":[{"start":{"line":96,"column":47},"end":{"line":96,"column":72}}]},"6":{"type":"branch","line":97,"loc":{"start":{"line":97,"column":46},"end":{"line":97,"column":63}},"locations":[{"start":{"line":97,"column":46},"end":{"line":97,"column":63}}]},"7":{"type":"branch","line":139,"loc":{"start":{"line":139,"column":53},"end":{"line":139,"column":90}},"locations":[{"start":{"line":139,"column":53},"end":{"line":139,"column":90}}]},"8":{"type":"branch","line":21,"loc":{"start":{"line":21,"column":14},"end":{"line":30,"column":7}},"locations":[{"start":{"line":21,"column":14},"end":{"line":30,"column":7}}]},"9":{"type":"branch","line":22,"loc":{"start":{"line":22,"column":29},"end":{"line":22,"column":36}},"locations":[{"start":{"line":22,"column":29},"end":{"line":22,"column":36}}]},"10":{"type":"branch","line":24,"loc":{"start":{"line":24,"column":9},"end":{"line":29,"column":11}},"locations":[{"start":{"line":24,"column":9},"end":{"line":29,"column":11}}]},"11":{"type":"branch","line":25,"loc":{"start":{"line":25,"column":40},"end":{"line":25,"column":42}},"locations":[{"start":{"line":25,"column":40},"end":{"line":25,"column":42}}]},"12":{"type":"branch","line":32,"loc":{"start":{"line":32,"column":40},"end":{"line":45,"column":7}},"locations":[{"start":{"line":32,"column":40},"end":{"line":45,"column":7}}]},"13":{"type":"branch","line":33,"loc":{"start":{"line":33,"column":32},"end":{"line":33,"column":39}},"locations":[{"start":{"line":33,"column":32},"end":{"line":33,"column":39}}]},"14":{"type":"branch","line":34,"loc":{"start":{"line":34,"column":63},"end":{"line":35,"column":31}},"locations":[{"start":{"line":34,"column":63},"end":{"line":35,"column":31}}]},"15":{"type":"branch","line":35,"loc":{"start":{"line":35,"column":31},"end":{"line":38,"column":19}},"locations":[{"start":{"line":35,"column":31},"end":{"line":38,"column":19}}]},"16":{"type":"branch","line":38,"loc":{"start":{"line":38,"column":8},"end":{"line":44,"column":9}},"locations":[{"start":{"line":38,"column":8},"end":{"line":44,"column":9}}]},"17":{"type":"branch","line":38,"loc":{"start":{"line":38,"column":27},"end":{"line":41,"column":15}},"locations":[{"start":{"line":38,"column":27},"end":{"line":41,"column":15}}]},"18":{"type":"branch","line":48,"loc":{"start":{"line":48,"column":14},"end":{"line":50,"column":7}},"locations":[{"start":{"line":48,"column":14},"end":{"line":50,"column":7}}]},"19":{"type":"branch","line":160,"loc":{"start":{"line":160,"column":35},"end":{"line":163,"column":18}},"locations":[{"start":{"line":160,"column":35},"end":{"line":163,"column":18}}]}},"b":{"0":[29],"1":[0],"2":[0],"3":[0],"4":[0],"5":[0],"6":[0],"7":[0],"8":[15],"9":[0],"10":[15],"11":[13],"12":[16],"13":[0],"14":[12],"15":[0],"16":[12],"17":[0],"18":[15],"19":[16]},"fnMap":{"0":{"name":"App","decl":{"start":{"line":12,"column":22},"end":{"line":156,"column":2}},"loc":{"start":{"line":12,"column":22},"end":{"line":156,"column":2}},"line":12},"1":{"name":"handleSave","decl":{"start":{"line":53,"column":23},"end":{"line":61,"column":6}},"loc":{"start":{"line":53,"column":23},"end":{"line":61,"column":6}},"line":53},"2":{"name":"onCancel","decl":{"start":{"line":132,"column":86},"end":{"line":132,"column":96}},"loc":{"start":{"line":132,"column":86},"end":{"line":132,"column":96}},"line":132},"3":{"name":"AppWithProviders","decl":{"start":{"line":160,"column":35},"end":{"line":163,"column":18}},"loc":{"start":{"line":160,"column":35},"end":{"line":163,"column":18}},"line":160}},"f":{"0":29,"1":0,"2":0,"3":16}}
,"/Users/forsite/Desktop/dev/asl-hoyland/src/AppContext.tsx": {"path":"/Users/forsite/Desktop/dev/asl-hoyland/src/AppContext.tsx","all":false,"statementMap":{"0":{"start":{"line":1,"column":0},"end":{"line":1,"column":15}},"1":{"start":{"line":2,"column":0},"end":{"line":2,"column":18}},"2":{"start":{"line":3,"column":0},"end":{"line":3,"column":15}},"3":{"start":{"line":4,"column":0},"end":{"line":4,"column":14}},"4":{"start":{"line":5,"column":0},"end":{"line":5,"column":13}},"5":{"start":{"line":6,"column":0},"end":{"line":6,"column":16}},"6":{"start":{"line":7,"column":0},"end":{"line":7,"column":12}},"7":{"start":{"line":8,"column":0},"end":{"line":8,"column":15}},"8":{"start":{"line":9,"column":0},"end":{"line":9,"column":45}},"9":{"start":{"line":10,"column":0},"end":{"line":10,"column":57}},"10":{"start":{"line":11,"column":0},"end":{"line":11,"column":49}},"11":{"start":{"line":12,"column":0},"end":{"line":12,"column":0}},"12":{"start":{"line":13,"column":0},"end":{"line":13,"column":57}},"13":{"start":{"line":14,"column":0},"end":{"line":14,"column":0}},"14":{"start":{"line":15,"column":0},"end":{"line":15,"column":27}},"15":{"start":{"line":16,"column":0},"end":{"line":16,"column":29}},"16":{"start":{"line":17,"column":0},"end":{"line":17,"column":41}},"17":{"start":{"line":18,"column":0},"end":{"line":18,"column":33}},"18":{"start":{"line":19,"column":0},"end":{"line":19,"column":23}},"19":{"start":{"line":20,"column":0},"end":{"line":20,"column":40}},"20":{"start":{"line":21,"column":0},"end":{"line":21,"column":1}},"21":{"start":{"line":22,"column":0},"end":{"line":22,"column":0}},"22":{"start":{"line":23,"column":0},"end":{"line":23,"column":73}},"23":{"start":{"line":24,"column":0},"end":{"line":24,"column":0}},"24":{"start":{"line":25,"column":0},"end":{"line":25,"column":28}},"25":{"start":{"line":26,"column":0},"end":{"line":26,"column":24}},"26":{"start":{"line":27,"column":0},"end":{"line":27,"column":1}},"27":{"start":{"line":28,"column":0},"end":{"line":28,"column":0}},"28":{"start":{"line":29,"column":0},"end":{"line":29,"column":74}},"29":{"start":{"line":30,"column":0},"end":{"line":30,"column":57}},"30":{"start":{"line":31,"column":0},"end":{"line":31,"column":0}},"31":{"start":{"line":32,"column":0},"end":{"line":32,"column":55}},"32":{"start":{"line":33,"column":0},"end":{"line":33,"column":46}},"33":{"start":{"line":34,"column":0},"end":{"line":34,"column":11}},"34":{"start":{"line":35,"column":0},"end":{"line":35,"column":0}},"35":{"start":{"line":36,"column":0},"end":{"line":36,"column":59}},"36":{"start":{"line":37,"column":0},"end":{"line":37,"column":61}},"37":{"start":{"line":38,"column":0},"end":{"line":38,"column":89}},"38":{"start":{"line":39,"column":0},"end":{"line":39,"column":34}},"39":{"start":{"line":40,"column":0},"end":{"line":40,"column":70}},"40":{"start":{"line":41,"column":0},"end":{"line":41,"column":40}},"41":{"start":{"line":42,"column":0},"end":{"line":42,"column":6}},"42":{"start":{"line":43,"column":0},"end":{"line":43,"column":0}},"43":{"start":{"line":44,"column":0},"end":{"line":44,"column":43}},"44":{"start":{"line":45,"column":0},"end":{"line":45,"column":16}},"45":{"start":{"line":46,"column":0},"end":{"line":46,"column":24}},"46":{"start":{"line":47,"column":0},"end":{"line":47,"column":30}},"47":{"start":{"line":48,"column":0},"end":{"line":48,"column":26}},"48":{"start":{"line":49,"column":0},"end":{"line":49,"column":19}},"49":{"start":{"line":50,"column":0},"end":{"line":50,"column":21}},"50":{"start":{"line":51,"column":0},"end":{"line":51,"column":11}},"51":{"start":{"line":52,"column":0},"end":{"line":52,"column":73}},"52":{"start":{"line":53,"column":0},"end":{"line":53,"column":6}},"53":{"start":{"line":54,"column":0},"end":{"line":54,"column":0}},"54":{"start":{"line":55,"column":0},"end":{"line":55,"column":79}},"55":{"start":{"line":56,"column":0},"end":{"line":56,"column":2}},"56":{"start":{"line":57,"column":0},"end":{"line":57,"column":0}},"57":{"start":{"line":58,"column":0},"end":{"line":58,"column":53}},"58":{"start":{"line":59,"column":0},"end":{"line":59,"column":39}},"59":{"start":{"line":60,"column":0},"end":{"line":60,"column":15}},"60":{"start":{"line":61,"column":0},"end":{"line":61,"column":76}},"61":{"start":{"line":62,"column":0},"end":{"line":62,"column":5}},"62":{"start":{"line":63,"column":0},"end":{"line":63,"column":15}},"63":{"start":{"line":64,"column":0},"end":{"line":64,"column":2}}},"s":{"0":1,"1":1,"2":1,"3":1,"4":1,"5":1,"6":1,"7":1,"8":1,"9":1,"10":1,"11":1,"12":1,"13":1,"14":1,"15":1,"16":1,"17":1,"18":1,"19":1,"20":1,"21":1,"22":1,"23":1,"24":1,"25":1,"26":1,"27":1,"28":1,"29":85,"30":85,"31":85,"32":20,"33":85,"34":85,"35":85,"36":85,"37":85,"38":85,"39":85,"40":85,"41":85,"42":85,"43":85,"44":85,"45":81,"46":81,"47":81,"48":81,"49":81,"50":81,"51":85,"52":85,"53":85,"54":85,"55":85,"56":1,"57":1,"58":251,"59":251,"60":4,"61":4,"62":247,"63":247},"branchMap":{"0":{"type":"branch","line":29,"loc":{"start":{"line":29,"column":55},"end":{"line":56,"column":2}},"locations":[{"start":{"line":29,"column":55},"end":{"line":56,"column":2}}]},"1":{"type":"branch","line":32,"loc":{"start":{"line":32,"column":33},"end":{"line":34,"column":7}},"locations":[{"start":{"line":32,"column":33},"end":{"line":34,"column":7}}]},"2":{"type":"branch","line":33,"loc":{"start":{"line":33,"column":18},"end":{"line":33,"column":44}},"locations":[{"start":{"line":33,"column":18},"end":{"line":33,"column":44}}]},"3":{"type":"branch","line":37,"loc":{"start":{"line":37,"column":32},"end":{"line":37,"column":57}},"locations":[{"start":{"line":37,"column":32},"end":{"line":37,"column":57}}]},"4":{"type":"branch","line":38,"loc":{"start":{"line":38,"column":38},"end":{"line":38,"column":77}},"locations":[{"start":{"line":38,"column":38},"end":{"line":38,"column":77}}]},"5":{"type":"branch","line":40,"loc":{"start":{"line":40,"column":8},"end":{"line":40,"column":70}},"locations":[{"start":{"line":40,"column":8},"end":{"line":40,"column":70}}]},"6":{"type":"branch","line":45,"loc":{"start":{"line":45,"column":8},"end":{"line":51,"column":11}},"locations":[{"start":{"line":45,"column":8},"end":{"line":51,"column":11}}]},"7":{"type":"branch","line":58,"loc":{"start":{"line":58,"column":29},"end":{"line":64,"column":2}},"locations":[{"start":{"line":58,"column":29},"end":{"line":64,"column":2}}]},"8":{"type":"branch","line":60,"loc":{"start":{"line":60,"column":14},"end":{"line":62,"column":5}},"locations":[{"start":{"line":60,"column":14},"end":{"line":62,"column":5}}]},"9":{"type":"branch","line":62,"loc":{"start":{"line":62,"column":4},"end":{"line":64,"column":2}},"locations":[{"start":{"line":62,"column":4},"end":{"line":64,"column":2}}]}},"b":{"0":[85],"1":[20],"2":[18],"3":[67],"4":[67],"5":[67],"6":[81],"7":[251],"8":[4],"9":[247]},"fnMap":{"0":{"name":"AppProvider","decl":{"start":{"line":29,"column":55},"end":{"line":56,"column":2}},"loc":{"start":{"line":29,"column":55},"end":{"line":56,"column":2}},"line":29},"1":{"name":"useAppContext","decl":{"start":{"line":58,"column":29},"end":{"line":64,"column":2}},"loc":{"start":{"line":58,"column":29},"end":{"line":64,"column":2}},"line":58}},"f":{"0":85,"1":251}}
,"/Users/forsite/Desktop/dev/asl-hoyland/src/ErrorBar.tsx": {"path":"/Users/forsite/Desktop/dev/asl-hoyland/src/ErrorBar.tsx","all":false,"statementMap":{"0":{"start":{"line":1,"column":0},"end":{"line":1,"column":26}},"1":{"start":{"line":2,"column":0},"end":{"line":2,"column":31}},"2":{"start":{"line":3,"column":0},"end":{"line":3,"column":0}},"3":{"start":{"line":4,"column":0},"end":{"line":4,"column":25}},"4":{"start":{"line":5,"column":0},"end":{"line":5,"column":23}},"5":{"start":{"line":6,"column":0},"end":{"line":6,"column":1}},"6":{"start":{"line":7,"column":0},"end":{"line":7,"column":0}},"7":{"start":{"line":8,"column":0},"end":{"line":8,"column":61}},"8":{"start":{"line":9,"column":0},"end":{"line":9,"column":38}},"9":{"start":{"line":10,"column":0},"end":{"line":10,"column":0}},"10":{"start":{"line":11,"column":0},"end":{"line":11,"column":12}},"11":{"start":{"line":12,"column":0},"end":{"line":12,"column":35}},"12":{"start":{"line":13,"column":0},"end":{"line":13,"column":16}},"13":{"start":{"line":14,"column":0},"end":{"line":14,"column":45}},"14":{"start":{"line":15,"column":0},"end":{"line":15,"column":44}},"15":{"start":{"line":16,"column":0},"end":{"line":16,"column":19}},"16":{"start":{"line":17,"column":0},"end":{"line":17,"column":17}},"17":{"start":{"line":18,"column":0},"end":{"line":18,"column":14}},"18":{"start":{"line":19,"column":0},"end":{"line":19,"column":6}},"19":{"start":{"line":20,"column":0},"end":{"line":20,"column":2}},"20":{"start":{"line":21,"column":0},"end":{"line":21,"column":0}},"21":{"start":{"line":22,"column":0},"end":{"line":22,"column":24}}},"s":{"0":1,"1":1,"2":1,"3":1,"4":1,"5":1,"6":1,"7":1,"8":4,"9":3,"10":3,"11":3,"12":3,"13":3,"14":5,"15":3,"16":3,"17":3,"18":3,"19":3,"20":1,"21":1},"branchMap":{"0":{"type":"branch","line":8,"loc":{"start":{"line":8,"column":42},"end":{"line":20,"column":2}},"locations":[{"start":{"line":8,"column":42},"end":{"line":20,"column":2}}]},"1":{"type":"branch","line":9,"loc":{"start":{"line":9,"column":26},"end":{"line":9,"column":38}},"locations":[{"start":{"line":9,"column":26},"end":{"line":9,"column":38}}]},"2":{"type":"branch","line":9,"loc":{"start":{"line":9,"column":33},"end":{"line":20,"column":2}},"locations":[{"start":{"line":9,"column":33},"end":{"line":20,"column":2}}]},"3":{"type":"branch","line":14,"loc":{"start":{"line":14,"column":30},"end":{"line":15,"column":44}},"locations":[{"start":{"line":14,"column":30},"end":{"line":15,"column":44}}]}},"b":{"0":[4],"1":[1],"2":[3],"3":[5]},"fnMap":{"0":{"name":"ErrorBar","decl":{"start":{"line":8,"column":42},"end":{"line":20,"column":2}},"loc":{"start":{"line":8,"column":42},"end":{"line":20,"column":2}},"line":8}},"f":{"0":4}}
,"/Users/forsite/Desktop/dev/asl-hoyland/src/ErrorBoundary.tsx": {"path":"/Users/forsite/Desktop/dev/asl-hoyland/src/ErrorBoundary.tsx","all":false,"statementMap":{"0":{"start":{"line":1,"column":0},"end":{"line":1,"column":56}},"1":{"start":{"line":2,"column":0},"end":{"line":2,"column":0}},"2":{"start":{"line":3,"column":0},"end":{"line":3,"column":30}},"3":{"start":{"line":4,"column":0},"end":{"line":4,"column":24}},"4":{"start":{"line":5,"column":0},"end":{"line":5,"column":51}},"5":{"start":{"line":6,"column":0},"end":{"line":6,"column":25}},"6":{"start":{"line":7,"column":0},"end":{"line":7,"column":46}},"7":{"start":{"line":8,"column":0},"end":{"line":8,"column":44}},"8":{"start":{"line":9,"column":0},"end":{"line":9,"column":7}},"9":{"start":{"line":10,"column":0},"end":{"line":10,"column":59}},"10":{"start":{"line":11,"column":0},"end":{"line":11,"column":52}},"11":{"start":{"line":12,"column":0},"end":{"line":12,"column":7}},"12":{"start":{"line":13,"column":0},"end":{"line":13,"column":26}},"13":{"start":{"line":14,"column":0},"end":{"line":14,"column":1}},"14":{"start":{"line":15,"column":0},"end":{"line":15,"column":0}},"15":{"start":{"line":16,"column":0},"end":{"line":16,"column":30}},"16":{"start":{"line":17,"column":0},"end":{"line":17,"column":22}},"17":{"start":{"line":18,"column":0},"end":{"line":18,"column":1}},"18":{"start":{"line":19,"column":0},"end":{"line":19,"column":0}},"19":{"start":{"line":20,"column":0},"end":{"line":20,"column":48}},"20":{"start":{"line":21,"column":0},"end":{"line":21,"column":49}},"21":{"start":{"line":22,"column":0},"end":{"line":22,"column":44}},"22":{"start":{"line":23,"column":0},"end":{"line":23,"column":9}},"23":{"start":{"line":24,"column":0},"end":{"line":24,"column":35}},"24":{"start":{"line":25,"column":0},"end":{"line":25,"column":13}},"25":{"start":{"line":26,"column":0},"end":{"line":26,"column":31}},"26":{"start":{"line":27,"column":0},"end":{"line":27,"column":5}},"27":{"start":{"line":28,"column":0},"end":{"line":28,"column":1}},"28":{"start":{"line":29,"column":0},"end":{"line":29,"column":0}},"29":{"start":{"line":30,"column":0},"end":{"line":30,"column":79}},"30":{"start":{"line":31,"column":0},"end":{"line":31,"column":41}},"31":{"start":{"line":32,"column":0},"end":{"line":32,"column":0}},"32":{"start":{"line":33,"column":0},"end":{"line":33,"column":52}},"33":{"start":{"line":34,"column":0},"end":{"line":34,"column":0}},"34":{"start":{"line":35,"column":0},"end":{"line":35,"column":69}},"35":{"start":{"line":36,"column":0},"end":{"line":36,"column":65}},"36":{"start":{"line":37,"column":0},"end":{"line":37,"column":34}},"37":{"start":{"line":38,"column":0},"end":{"line":38,"column":5}},"38":{"start":{"line":39,"column":0},"end":{"line":39,"column":0}},"39":{"start":{"line":40,"column":0},"end":{"line":40,"column":61}},"40":{"start":{"line":41,"column":0},"end":{"line":41,"column":26}},"41":{"start":{"line":42,"column":0},"end":{"line":42,"column":69}},"42":{"start":{"line":43,"column":0},"end":{"line":43,"column":74}},"43":{"start":{"line":44,"column":0},"end":{"line":44,"column":46}},"44":{"start":{"line":45,"column":0},"end":{"line":45,"column":59}},"45":{"start":{"line":46,"column":0},"end":{"line":46,"column":5}},"46":{"start":{"line":47,"column":0},"end":{"line":47,"column":0}},"47":{"start":{"line":48,"column":0},"end":{"line":48,"column":55}},"48":{"start":{"line":49,"column":0},"end":{"line":49,"column":53}},"49":{"start":{"line":50,"column":0},"end":{"line":50,"column":41}},"50":{"start":{"line":51,"column":0},"end":{"line":51,"column":55}},"51":{"start":{"line":52,"column":0},"end":{"line":52,"column":0}},"52":{"start":{"line":53,"column":0},"end":{"line":53,"column":23}},"53":{"start":{"line":54,"column":0},"end":{"line":54,"column":62}},"54":{"start":{"line":55,"column":0},"end":{"line":55,"column":68}},"55":{"start":{"line":56,"column":0},"end":{"line":56,"column":0}},"56":{"start":{"line":57,"column":0},"end":{"line":57,"column":45}},"57":{"start":{"line":58,"column":0},"end":{"line":58,"column":47}},"58":{"start":{"line":59,"column":0},"end":{"line":59,"column":9}},"59":{"start":{"line":60,"column":0},"end":{"line":60,"column":5}},"60":{"start":{"line":61,"column":0},"end":{"line":61,"column":0}},"61":{"start":{"line":62,"column":0},"end":{"line":62,"column":14}},"62":{"start":{"line":63,"column":0},"end":{"line":63,"column":34}},"63":{"start":{"line":64,"column":0},"end":{"line":64,"column":73}},"64":{"start":{"line":65,"column":0},"end":{"line":65,"column":9}},"65":{"start":{"line":66,"column":0},"end":{"line":66,"column":35}},"66":{"start":{"line":67,"column":0},"end":{"line":67,"column":5}},"67":{"start":{"line":68,"column":0},"end":{"line":68,"column":1}},"68":{"start":{"line":69,"column":0},"end":{"line":69,"column":0}},"69":{"start":{"line":70,"column":0},"end":{"line":70,"column":29}}},"s":{"0":1,"1":1,"2":1,"3":1,"4":1,"5":1,"6":1,"7":1,"8":1,"9":1,"10":1,"11":1,"12":1,"13":1,"14":1,"15":1,"16":1,"17":1,"18":1,"19":3,"20":3,"21":3,"22":1,"23":1,"24":3,"25":0,"26":0,"27":3,"28":1,"29":1,"30":1,"31":1,"32":1,"33":1,"34":1,"35":16,"36":16,"37":16,"38":1,"39":1,"40":8,"41":8,"42":8,"43":8,"44":8,"45":8,"46":1,"47":1,"48":5,"49":5,"50":5,"51":4,"52":4,"53":4,"54":3,"55":5,"56":5,"57":2,"58":2,"59":5,"60":1,"61":1,"62":38,"63":19,"64":19,"65":19,"66":38,"67":1,"68":1,"69":1},"branchMap":{"0":{"type":"branch","line":20,"loc":{"start":{"line":20,"column":0},"end":{"line":28,"column":1}},"locations":[{"start":{"line":20,"column":0},"end":{"line":28,"column":1}}]},"1":{"type":"branch","line":21,"loc":{"start":{"line":21,"column":30},"end":{"line":21,"column":49}},"locations":[{"start":{"line":21,"column":30},"end":{"line":21,"column":49}}]},"2":{"type":"branch","line":21,"loc":{"start":{"line":21,"column":41},"end":{"line":22,"column":40}},"locations":[{"start":{"line":21,"column":41},"end":{"line":22,"column":40}}]},"3":{"type":"branch","line":22,"loc":{"start":{"line":22,"column":33},"end":{"line":25,"column":12}},"locations":[{"start":{"line":22,"column":33},"end":{"line":25,"column":12}}]},"4":{"type":"branch","line":25,"loc":{"start":{"line":25,"column":4},"end":{"line":27,"column":5}},"locations":[{"start":{"line":25,"column":4},"end":{"line":27,"column":5}}]},"5":{"type":"branch","line":30,"loc":{"start":{"line":30,"column":78},"end":{"line":68,"column":1}},"locations":[{"start":{"line":30,"column":78},"end":{"line":68,"column":1}}]},"6":{"type":"branch","line":30,"loc":{"start":{"line":30,"column":78},"end":{"line":68,"column":1}},"locations":[{"start":{"line":30,"column":78},"end":{"line":68,"column":1}}]},"7":{"type":"branch","line":35,"loc":{"start":{"line":35,"column":11},"end":{"line":38,"column":5}},"locations":[{"start":{"line":35,"column":11},"end":{"line":38,"column":5}}]},"8":{"type":"branch","line":40,"loc":{"start":{"line":40,"column":4},"end":{"line":46,"column":5}},"locations":[{"start":{"line":40,"column":4},"end":{"line":46,"column":5}}]},"9":{"type":"branch","line":42,"loc":{"start":{"line":42,"column":19},"end":{"line":42,"column":69}},"locations":[{"start":{"line":42,"column":19},"end":{"line":42,"column":69}}]},"10":{"type":"branch","line":48,"loc":{"start":{"line":48,"column":4},"end":{"line":60,"column":5}},"locations":[{"start":{"line":48,"column":4},"end":{"line":60,"column":5}}]},"11":{"type":"branch","line":51,"loc":{"start":{"line":51,"column":13},"end":{"line":51,"column":48}},"locations":[{"start":{"line":51,"column":13},"end":{"line":51,"column":48}}]},"12":{"type":"branch","line":51,"loc":{"start":{"line":51,"column":48},"end":{"line":51,"column":55}},"locations":[{"start":{"line":51,"column":48},"end":{"line":51,"column":55}}]},"13":{"type":"branch","line":51,"loc":{"start":{"line":51,"column":48},"end":{"line":54,"column":62}},"locations":[{"start":{"line":51,"column":48},"end":{"line":54,"column":62}}]},"14":{"type":"branch","line":54,"loc":{"start":{"line":54,"column":53},"end":{"line":55,"column":68}},"locations":[{"start":{"line":54,"column":53},"end":{"line":55,"column":68}}]},"15":{"type":"branch","line":57,"loc":{"start":{"line":57,"column":12},"end":{"line":57,"column":44}},"locations":[{"start":{"line":57,"column":12},"end":{"line":57,"column":44}}]},"16":{"type":"branch","line":57,"loc":{"start":{"line":57,"column":44},"end":{"line":59,"column":9}},"locations":[{"start":{"line":57,"column":44},"end":{"line":59,"column":9}}]},"17":{"type":"branch","line":55,"loc":{"start":{"line":55,"column":27},"end":{"line":55,"column":66}},"locations":[{"start":{"line":55,"column":27},"end":{"line":55,"column":66}}]},"18":{"type":"branch","line":62,"loc":{"start":{"line":62,"column":4},"end":{"line":67,"column":5}},"locations":[{"start":{"line":62,"column":4},"end":{"line":67,"column":5}}]},"19":{"type":"branch","line":63,"loc":{"start":{"line":63,"column":33},"end":{"line":66,"column":35}},"locations":[{"start":{"line":63,"column":33},"end":{"line":66,"column":35}}]},"20":{"type":"branch","line":64,"loc":{"start":{"line":64,"column":30},"end":{"line":64,"column":73}},"locations":[{"start":{"line":64,"column":30},"end":{"line":64,"column":73}}]}},"b":{"0":[3],"1":[1],"2":[2],"3":[1],"4":[0],"5":[17],"6":[1],"7":[16],"8":[8],"9":[3],"10":[5],"11":[4],"12":[1],"13":[4],"14":[3],"15":[2],"16":[2],"17":[4],"18":[38],"19":[19],"20":[17]},"fnMap":{"0":{"name":"getErrorMessage","decl":{"start":{"line":20,"column":0},"end":{"line":28,"column":1}},"loc":{"start":{"line":20,"column":0},"end":{"line":28,"column":1}},"line":20},"1":{"name":"<instance_members_initializer>","decl":{"start":{"line":30,"column":78},"end":{"line":68,"column":1}},"loc":{"start":{"line":30,"column":78},"end":{"line":68,"column":1}},"line":30},"2":{"name":"<static_initializer>","decl":{"start":{"line":30,"column":78},"end":{"line":68,"column":1}},"loc":{"start":{"line":30,"column":78},"end":{"line":68,"column":1}},"line":30},"3":{"name":"getDerivedStateFromError","decl":{"start":{"line":35,"column":11},"end":{"line":38,"column":5}},"loc":{"start":{"line":35,"column":11},"end":{"line":38,"column":5}},"line":35},"4":{"name":"componentDidCatch","decl":{"start":{"line":40,"column":4},"end":{"line":46,"column":5}},"loc":{"start":{"line":40,"column":4},"end":{"line":46,"column":5}},"line":40},"5":{"name":"componentDidUpdate","decl":{"start":{"line":48,"column":4},"end":{"line":60,"column":5}},"loc":{"start":{"line":48,"column":4},"end":{"line":60,"column":5}},"line":48},"6":{"name":"render","decl":{"start":{"line":62,"column":4},"end":{"line":67,"column":5}},"loc":{"start":{"line":62,"column":4},"end":{"line":67,"column":5}},"line":62}},"f":{"0":3,"1":17,"2":1,"3":16,"4":8,"5":5,"6":38}}
,"/Users/forsite/Desktop/dev/asl-hoyland/src/StatusIndicator.tsx": {"path":"/Users/forsite/Desktop/dev/asl-hoyland/src/StatusIndicator.tsx","all":false,"statementMap":{"0":{"start":{"line":1,"column":0},"end":{"line":1,"column":51}},"1":{"start":{"line":2,"column":0},"end":{"line":2,"column":45}},"2":{"start":{"line":3,"column":0},"end":{"line":3,"column":0}},"3":{"start":{"line":4,"column":0},"end":{"line":4,"column":32}},"4":{"start":{"line":5,"column":0},"end":{"line":5,"column":38}},"5":{"start":{"line":6,"column":0},"end":{"line":6,"column":1}},"6":{"start":{"line":7,"column":0},"end":{"line":7,"column":0}},"7":{"start":{"line":8,"column":0},"end":{"line":8,"column":73}},"8":{"start":{"line":9,"column":0},"end":{"line":9,"column":39}},"9":{"start":{"line":10,"column":0},"end":{"line":10,"column":0}},"10":{"start":{"line":11,"column":0},"end":{"line":11,"column":90}},"11":{"start":{"line":12,"column":0},"end":{"line":12,"column":52}},"12":{"start":{"line":13,"column":0},"end":{"line":13,"column":75}},"13":{"start":{"line":14,"column":0},"end":{"line":14,"column":0}},"14":{"start":{"line":15,"column":0},"end":{"line":15,"column":53}},"15":{"start":{"line":16,"column":0},"end":{"line":16,"column":21}},"16":{"start":{"line":17,"column":0},"end":{"line":17,"column":33}},"17":{"start":{"line":18,"column":0},"end":{"line":18,"column":17}},"18":{"start":{"line":19,"column":0},"end":{"line":19,"column":0}},"19":{"start":{"line":20,"column":0},"end":{"line":20,"column":42}},"20":{"start":{"line":21,"column":0},"end":{"line":21,"column":21}},"21":{"start":{"line":22,"column":0},"end":{"line":22,"column":49}},"22":{"start":{"line":23,"column":0},"end":{"line":23,"column":28}},"23":{"start":{"line":24,"column":0},"end":{"line":24,"column":0}},"24":{"start":{"line":25,"column":0},"end":{"line":25,"column":81}},"25":{"start":{"line":26,"column":0},"end":{"line":26,"column":40}},"26":{"start":{"line":27,"column":0},"end":{"line":27,"column":52}},"27":{"start":{"line":28,"column":0},"end":{"line":28,"column":37}},"28":{"start":{"line":29,"column":0},"end":{"line":29,"column":9}},"29":{"start":{"line":30,"column":0},"end":{"line":30,"column":37}},"30":{"start":{"line":31,"column":0},"end":{"line":31,"column":17}},"31":{"start":{"line":32,"column":0},"end":{"line":32,"column":0}},"32":{"start":{"line":33,"column":0},"end":{"line":33,"column":51}},"33":{"start":{"line":34,"column":0},"end":{"line":34,"column":21}},"34":{"start":{"line":35,"column":0},"end":{"line":35,"column":77}},"35":{"start":{"line":36,"column":0},"end":{"line":36,"column":51}},"36":{"start":{"line":37,"column":0},"end":{"line":37,"column":75}},"37":{"start":{"line":38,"column":0},"end":{"line":38,"column":16}},"38":{"start":{"line":39,"column":0},"end":{"line":39,"column":0}},"39":{"start":{"line":40,"column":0},"end":{"line":40,"column":22}},"40":{"start":{"line":41,"column":0},"end":{"line":41,"column":41}},"41":{"start":{"line":42,"column":0},"end":{"line":42,"column":43}},"42":{"start":{"line":43,"column":0},"end":{"line":43,"column":10}},"43":{"start":{"line":44,"column":0},"end":{"line":44,"column":24}},"44":{"start":{"line":45,"column":0},"end":{"line":45,"column":0}},"45":{"start":{"line":46,"column":0},"end":{"line":46,"column":83}},"46":{"start":{"line":47,"column":0},"end":{"line":47,"column":2}},"47":{"start":{"line":48,"column":0},"end":{"line":48,"column":0}},"48":{"start":{"line":49,"column":0},"end":{"line":49,"column":31}}},"s":{"0":1,"1":1,"2":1,"3":1,"4":1,"5":1,"6":1,"7":1,"8":51,"9":51,"10":51,"11":51,"12":51,"13":51,"14":51,"15":51,"16":22,"17":51,"18":51,"19":51,"20":51,"21":35,"22":35,"23":14,"24":35,"25":0,"26":29,"27":0,"28":0,"29":14,"30":51,"31":51,"32":51,"33":51,"34":35,"35":35,"36":0,"37":35,"38":35,"39":35,"40":35,"41":35,"42":35,"43":51,"44":51,"45":51,"46":51,"47":1,"48":1},"branchMap":{"0":{"type":"branch","line":8,"loc":{"start":{"line":8,"column":56},"end":{"line":47,"column":2}},"locations":[{"start":{"line":8,"column":56},"end":{"line":47,"column":2}}]},"1":{"type":"branch","line":46,"loc":{"start":{"line":46,"column":47},"end":{"line":46,"column":74}},"locations":[{"start":{"line":46,"column":47},"end":{"line":46,"column":74}}]},"2":{"type":"branch","line":16,"loc":{"start":{"line":16,"column":14},"end":{"line":18,"column":7}},"locations":[{"start":{"line":16,"column":14},"end":{"line":18,"column":7}}]},"3":{"type":"branch","line":21,"loc":{"start":{"line":21,"column":14},"end":{"line":31,"column":7}},"locations":[{"start":{"line":21,"column":14},"end":{"line":31,"column":7}}]},"4":{"type":"branch","line":23,"loc":{"start":{"line":23,"column":21},"end":{"line":23,"column":28}},"locations":[{"start":{"line":23,"column":21},"end":{"line":23,"column":28}}]},"5":{"type":"branch","line":23,"loc":{"start":{"line":23,"column":21},"end":{"line":25,"column":80}},"locations":[{"start":{"line":23,"column":21},"end":{"line":25,"column":80}}]},"6":{"type":"branch","line":25,"loc":{"start":{"line":25,"column":80},"end":{"line":30,"column":37}},"locations":[{"start":{"line":25,"column":80},"end":{"line":30,"column":37}}]},"7":{"type":"branch","line":25,"loc":{"start":{"line":25,"column":80},"end":{"line":27,"column":19}},"locations":[{"start":{"line":25,"column":80},"end":{"line":27,"column":19}}]},"8":{"type":"branch","line":27,"loc":{"start":{"line":27,"column":8},"end":{"line":30,"column":37}},"locations":[{"start":{"line":27,"column":8},"end":{"line":30,"column":37}}]},"9":{"type":"branch","line":27,"loc":{"start":{"line":27,"column":51},"end":{"line":29,"column":9}},"locations":[{"start":{"line":27,"column":51},"end":{"line":29,"column":9}}]},"10":{"type":"branch","line":34,"loc":{"start":{"line":34,"column":14},"end":{"line":44,"column":7}},"locations":[{"start":{"line":34,"column":14},"end":{"line":44,"column":7}}]},"11":{"type":"branch","line":40,"loc":{"start":{"line":40,"column":15},"end":{"line":43,"column":10}},"locations":[{"start":{"line":40,"column":15},"end":{"line":43,"column":10}}]}},"b":{"0":[51],"1":[0],"2":[22],"3":[35],"4":[21],"5":[14],"6":[29],"7":[0],"8":[14],"9":[0],"10":[35],"11":[35]},"fnMap":{"0":{"name":"StatusIndicator","decl":{"start":{"line":8,"column":56},"end":{"line":47,"column":2}},"loc":{"start":{"line":8,"column":56},"end":{"line":47,"column":2}},"line":8}},"f":{"0":51}}
,"/Users/forsite/Desktop/dev/asl-hoyland/src/main.tsx": {"path":"/Users/forsite/Desktop/dev/asl-hoyland/src/main.tsx","all":true,"statementMap":{"0":{"start":{"line":1,"column":0},"end":{"line":1,"column":26}},"1":{"start":{"line":2,"column":0},"end":{"line":2,"column":40}},"2":{"start":{"line":3,"column":0},"end":{"line":3,"column":24}},"3":{"start":{"line":4,"column":0},"end":{"line":4,"column":44}},"4":{"start":{"line":5,"column":0},"end":{"line":5,"column":43}},"5":{"start":{"line":6,"column":0},"end":{"line":6,"column":0}},"6":{"start":{"line":7,"column":0},"end":{"line":7,"column":20}},"7":{"start":{"line":8,"column":0},"end":{"line":8,"column":50}},"8":{"start":{"line":9,"column":0},"end":{"line":9,"column":42}},"9":{"start":{"line":10,"column":0},"end":{"line":10,"column":31}},"10":{"start":{"line":11,"column":0},"end":{"line":11,"column":6}},"11":{"start":{"line":12,"column":0},"end":{"line":12,"column":0}},"12":{"start":{"line":13,"column":0},"end":{"line":13,"column":12}},"13":{"start":{"line":14,"column":0},"end":{"line":14,"column":53}},"14":{"start":{"line":15,"column":0},"end":{"line":15,"column":25}},"15":{"start":{"line":16,"column":0},"end":{"line":16,"column":23}},"16":{"start":{"line":17,"column":0},"end":{"line":17,"column":26}},"17":{"start":{"line":18,"column":0},"end":{"line":18,"column":24}},"18":{"start":{"line":19,"column":0},"end":{"line":19,"column":6}},"19":{"start":{"line":20,"column":0},"end":{"line":20,"column":2}},"20":{"start":{"line":21,"column":0},"end":{"line":21,"column":0}},"21":{"start":{"line":22,"column":0},"end":{"line":22,"column":75}},"22":{"start":{"line":23,"column":0},"end":{"line":23,"column":22}},"23":{"start":{"line":24,"column":0},"end":{"line":24,"column":16}},"24":{"start":{"line":25,"column":0},"end":{"line":25,"column":23}},"25":{"start":{"line":26,"column":0},"end":{"line":26,"column":2}}},"s":{"0":0,"1":0,"2":0,"3":0,"4":0,"5":0,"6":0,"7":0,"8":0,"9":0,"10":0,"11":0,"12":0,"13":0,"14":0,"15":0,"16":0,"17":0,"18":0,"19":0,"20":0,"21":0,"22":0,"23":0,"24":0,"25":0},"branchMap":{"0":{"type":"branch","line":1,"loc":{"start":{"line":1,"column":0},"end":{"line":26,"column":-469}},"locations":[{"start":{"line":1,"column":0},"end":{"line":26,"column":-469}}]}},"b":{"0":[0]},"fnMap":{"0":{"name":"(empty-report)","decl":{"start":{"line":1,"column":0},"end":{"line":26,"column":-469}},"loc":{"start":{"line":1,"column":0},"end":{"line":26,"column":-469}},"line":1}},"f":{"0":0}}
,"/Users/forsite/Desktop/dev/asl-hoyland/src/CustomPrograms/Index.tsx": {"path":"/Users/forsite/Desktop/dev/asl-hoyland/src/CustomPrograms/Index.tsx","all":false,"statementMap":{"0":{"start":{"line":1,"column":0},"end":{"line":1,"column":82}},"1":{"start":{"line":2,"column":0},"end":{"line":2,"column":46}},"2":{"start":{"line":3,"column":0},"end":{"line":3,"column":50}},"3":{"start":{"line":4,"column":0},"end":{"line":4,"column":48}},"4":{"start":{"line":5,"column":0},"end":{"line":5,"column":0}},"5":{"start":{"line":6,"column":0},"end":{"line":6,"column":31}},"6":{"start":{"line":7,"column":0},"end":{"line":7,"column":47}},"7":{"start":{"line":8,"column":0},"end":{"line":8,"column":23}},"8":{"start":{"line":9,"column":0},"end":{"line":9,"column":29}},"9":{"start":{"line":10,"column":0},"end":{"line":10,"column":1}},"10":{"start":{"line":11,"column":0},"end":{"line":11,"column":0}},"11":{"start":{"line":12,"column":0},"end":{"line":12,"column":69}},"12":{"start":{"line":13,"column":0},"end":{"line":13,"column":47}},"13":{"start":{"line":14,"column":0},"end":{"line":14,"column":64}},"14":{"start":{"line":15,"column":0},"end":{"line":15,"column":55}},"15":{"start":{"line":16,"column":0},"end":{"line":16,"column":1}},"16":{"start":{"line":17,"column":0},"end":{"line":17,"column":0}},"17":{"start":{"line":18,"column":0},"end":{"line":18,"column":47}},"18":{"start":{"line":19,"column":0},"end":{"line":19,"column":17}},"19":{"start":{"line":20,"column":0},"end":{"line":20,"column":21}},"20":{"start":{"line":21,"column":0},"end":{"line":21,"column":29}},"21":{"start":{"line":22,"column":0},"end":{"line":22,"column":23}},"22":{"start":{"line":23,"column":0},"end":{"line":23,"column":22}},"23":{"start":{"line":24,"column":0},"end":{"line":24,"column":28}},"24":{"start":{"line":25,"column":0},"end":{"line":25,"column":27}},"25":{"start":{"line":26,"column":0},"end":{"line":26,"column":22}},"26":{"start":{"line":27,"column":0},"end":{"line":27,"column":24}},"27":{"start":{"line":28,"column":0},"end":{"line":28,"column":25}},"28":{"start":{"line":29,"column":0},"end":{"line":29,"column":1}},"29":{"start":{"line":30,"column":0},"end":{"line":30,"column":0}},"30":{"start":{"line":31,"column":0},"end":{"line":31,"column":29}},"31":{"start":{"line":32,"column":0},"end":{"line":32,"column":16}},"32":{"start":{"line":33,"column":0},"end":{"line":33,"column":24}},"33":{"start":{"line":34,"column":0},"end":{"line":34,"column":18}},"34":{"start":{"line":35,"column":0},"end":{"line":35,"column":17}},"35":{"start":{"line":36,"column":0},"end":{"line":36,"column":24}},"36":{"start":{"line":37,"column":0},"end":{"line":37,"column":21}},"37":{"start":{"line":38,"column":0},"end":{"line":38,"column":20}},"38":{"start":{"line":39,"column":0},"end":{"line":39,"column":22}},"39":{"start":{"line":40,"column":0},"end":{"line":40,"column":23}},"40":{"start":{"line":41,"column":0},"end":{"line":41,"column":2}},"41":{"start":{"line":42,"column":0},"end":{"line":42,"column":0}},"42":{"start":{"line":43,"column":0},"end":{"line":43,"column":13}},"43":{"start":{"line":44,"column":0},"end":{"line":44,"column":97}},"44":{"start":{"line":45,"column":0},"end":{"line":45,"column":52}},"45":{"start":{"line":46,"column":0},"end":{"line":46,"column":50}},"46":{"start":{"line":47,"column":0},"end":{"line":47,"column":53}},"47":{"start":{"line":48,"column":0},"end":{"line":48,"column":63}},"48":{"start":{"line":49,"column":0},"end":{"line":49,"column":30}},"49":{"start":{"line":50,"column":0},"end":{"line":50,"column":32}},"50":{"start":{"line":51,"column":0},"end":{"line":51,"column":24}},"51":{"start":{"line":52,"column":0},"end":{"line":52,"column":0}},"52":{"start":{"line":53,"column":0},"end":{"line":53,"column":58}},"53":{"start":{"line":54,"column":0},"end":{"line":54,"column":26}},"54":{"start":{"line":55,"column":0},"end":{"line":55,"column":28}},"55":{"start":{"line":56,"column":0},"end":{"line":56,"column":20}},"56":{"start":{"line":57,"column":0},"end":{"line":57,"column":25}},"57":{"start":{"line":58,"column":0},"end":{"line":58,"column":45}},"58":{"start":{"line":59,"column":0},"end":{"line":59,"column":46}},"59":{"start":{"line":60,"column":0},"end":{"line":60,"column":58}},"60":{"start":{"line":61,"column":0},"end":{"line":61,"column":14}},"61":{"start":{"line":62,"column":0},"end":{"line":62,"column":33}},"62":{"start":{"line":63,"column":0},"end":{"line":63,"column":60}},"63":{"start":{"line":64,"column":0},"end":{"line":64,"column":29}},"64":{"start":{"line":65,"column":0},"end":{"line":65,"column":61}},"65":{"start":{"line":66,"column":0},"end":{"line":66,"column":29}},"66":{"start":{"line":67,"column":0},"end":{"line":67,"column":65}},"67":{"start":{"line":68,"column":0},"end":{"line":68,"column":36}},"68":{"start":{"line":69,"column":0},"end":{"line":69,"column":73}},"69":{"start":{"line":70,"column":0},"end":{"line":70,"column":28}},"70":{"start":{"line":71,"column":0},"end":{"line":71,"column":59}},"71":{"start":{"line":72,"column":0},"end":{"line":72,"column":30}},"72":{"start":{"line":73,"column":0},"end":{"line":73,"column":50}},"73":{"start":{"line":74,"column":0},"end":{"line":74,"column":21}},"74":{"start":{"line":75,"column":0},"end":{"line":75,"column":32}},"75":{"start":{"line":76,"column":0},"end":{"line":76,"column":16}},"76":{"start":{"line":77,"column":0},"end":{"line":77,"column":30}},"77":{"start":{"line":78,"column":0},"end":{"line":78,"column":5}},"78":{"start":{"line":79,"column":0},"end":{"line":79,"column":2}},"79":{"start":{"line":80,"column":0},"end":{"line":80,"column":0}},"80":{"start":{"line":81,"column":0},"end":{"line":81,"column":105}},"81":{"start":{"line":82,"column":0},"end":{"line":82,"column":64}},"82":{"start":{"line":83,"column":0},"end":{"line":83,"column":78}},"83":{"start":{"line":84,"column":0},"end":{"line":84,"column":0}},"84":{"start":{"line":85,"column":0},"end":{"line":85,"column":63}},"85":{"start":{"line":86,"column":0},"end":{"line":86,"column":57}},"86":{"start":{"line":87,"column":0},"end":{"line":87,"column":0}},"87":{"start":{"line":88,"column":0},"end":{"line":88,"column":53}},"88":{"start":{"line":89,"column":0},"end":{"line":89,"column":21}},"89":{"start":{"line":90,"column":0},"end":{"line":90,"column":74}},"90":{"start":{"line":91,"column":0},"end":{"line":91,"column":26}},"91":{"start":{"line":92,"column":0},"end":{"line":92,"column":0}},"92":{"start":{"line":93,"column":0},"end":{"line":93,"column":41}},"93":{"start":{"line":94,"column":0},"end":{"line":94,"column":21}},"94":{"start":{"line":95,"column":0},"end":{"line":95,"column":48}},"95":{"start":{"line":96,"column":0},"end":{"line":96,"column":17}},"96":{"start":{"line":97,"column":0},"end":{"line":97,"column":71}},"97":{"start":{"line":98,"column":0},"end":{"line":98,"column":70}},"98":{"start":{"line":99,"column":0},"end":{"line":99,"column":63}},"99":{"start":{"line":100,"column":0},"end":{"line":100,"column":29}},"100":{"start":{"line":101,"column":0},"end":{"line":101,"column":72}},"101":{"start":{"line":102,"column":0},"end":{"line":102,"column":13}},"102":{"start":{"line":103,"column":0},"end":{"line":103,"column":10}},"103":{"start":{"line":104,"column":0},"end":{"line":104,"column":0}},"104":{"start":{"line":105,"column":0},"end":{"line":105,"column":26}},"105":{"start":{"line":106,"column":0},"end":{"line":106,"column":33}},"106":{"start":{"line":107,"column":0},"end":{"line":107,"column":9}},"107":{"start":{"line":108,"column":0},"end":{"line":108,"column":22}},"108":{"start":{"line":109,"column":0},"end":{"line":109,"column":0}},"109":{"start":{"line":110,"column":0},"end":{"line":110,"column":71}},"110":{"start":{"line":111,"column":0},"end":{"line":111,"column":109}},"111":{"start":{"line":112,"column":0},"end":{"line":112,"column":96}},"112":{"start":{"line":113,"column":0},"end":{"line":113,"column":11}},"113":{"start":{"line":114,"column":0},"end":{"line":114,"column":4}},"114":{"start":{"line":115,"column":0},"end":{"line":115,"column":0}},"115":{"start":{"line":116,"column":0},"end":{"line":116,"column":21}},"116":{"start":{"line":117,"column":0},"end":{"line":117,"column":32}},"117":{"start":{"line":118,"column":0},"end":{"line":118,"column":60}},"118":{"start":{"line":119,"column":0},"end":{"line":119,"column":72}},"119":{"start":{"line":120,"column":0},"end":{"line":120,"column":0}},"120":{"start":{"line":121,"column":0},"end":{"line":121,"column":77}},"121":{"start":{"line":122,"column":0},"end":{"line":122,"column":55}},"122":{"start":{"line":123,"column":0},"end":{"line":123,"column":62}},"123":{"start":{"line":124,"column":0},"end":{"line":124,"column":15}},"124":{"start":{"line":125,"column":0},"end":{"line":125,"column":9}},"125":{"start":{"line":126,"column":0},"end":{"line":126,"column":48}},"126":{"start":{"line":127,"column":0},"end":{"line":127,"column":0}},"127":{"start":{"line":128,"column":0},"end":{"line":128,"column":0}},"128":{"start":{"line":129,"column":0},"end":{"line":129,"column":0}},"129":{"start":{"line":130,"column":0},"end":{"line":130,"column":58}},"130":{"start":{"line":131,"column":0},"end":{"line":131,"column":56}},"131":{"start":{"line":132,"column":0},"end":{"line":132,"column":64}},"132":{"start":{"line":133,"column":0},"end":{"line":133,"column":22}},"133":{"start":{"line":134,"column":0},"end":{"line":134,"column":104}},"134":{"start":{"line":135,"column":0},"end":{"line":135,"column":0}},"135":{"start":{"line":136,"column":0},"end":{"line":136,"column":73}},"136":{"start":{"line":137,"column":0},"end":{"line":137,"column":91}},"137":{"start":{"line":138,"column":0},"end":{"line":138,"column":38}},"138":{"start":{"line":139,"column":0},"end":{"line":139,"column":96}},"139":{"start":{"line":140,"column":0},"end":{"line":140,"column":9}},"140":{"start":{"line":141,"column":0},"end":{"line":141,"column":0}},"141":{"start":{"line":142,"column":0},"end":{"line":142,"column":63}},"142":{"start":{"line":143,"column":0},"end":{"line":143,"column":74}},"143":{"start":{"line":144,"column":0},"end":{"line":144,"column":6}},"144":{"start":{"line":145,"column":0},"end":{"line":145,"column":0}},"145":{"start":{"line":146,"column":0},"end":{"line":146,"column":31}},"146":{"start":{"line":147,"column":0},"end":{"line":147,"column":41}},"147":{"start":{"line":148,"column":0},"end":{"line":148,"column":24}},"148":{"start":{"line":149,"column":0},"end":{"line":149,"column":49}},"149":{"start":{"line":150,"column":0},"end":{"line":150,"column":51}},"150":{"start":{"line":151,"column":0},"end":{"line":151,"column":22}},"151":{"start":{"line":152,"column":0},"end":{"line":152,"column":16}},"152":{"start":{"line":153,"column":0},"end":{"line":153,"column":40}},"153":{"start":{"line":154,"column":0},"end":{"line":154,"column":57}},"154":{"start":{"line":155,"column":0},"end":{"line":155,"column":40}},"155":{"start":{"line":156,"column":0},"end":{"line":156,"column":39}},"156":{"start":{"line":157,"column":0},"end":{"line":157,"column":65}},"157":{"start":{"line":158,"column":0},"end":{"line":158,"column":65}},"158":{"start":{"line":159,"column":0},"end":{"line":159,"column":71}},"159":{"start":{"line":160,"column":0},"end":{"line":160,"column":101}},"160":{"start":{"line":161,"column":0},"end":{"line":161,"column":30}},"161":{"start":{"line":162,"column":0},"end":{"line":162,"column":17}},"162":{"start":{"line":163,"column":0},"end":{"line":163,"column":20}},"163":{"start":{"line":164,"column":0},"end":{"line":164,"column":49}},"164":{"start":{"line":165,"column":0},"end":{"line":165,"column":13}},"165":{"start":{"line":166,"column":0},"end":{"line":166,"column":9}},"166":{"start":{"line":167,"column":0},"end":{"line":167,"column":6}},"167":{"start":{"line":168,"column":0},"end":{"line":168,"column":0}},"168":{"start":{"line":169,"column":0},"end":{"line":169,"column":26}},"169":{"start":{"line":170,"column":0},"end":{"line":170,"column":51}},"170":{"start":{"line":171,"column":0},"end":{"line":171,"column":29}},"171":{"start":{"line":172,"column":0},"end":{"line":172,"column":47}},"172":{"start":{"line":173,"column":0},"end":{"line":173,"column":16}},"173":{"start":{"line":174,"column":0},"end":{"line":174,"column":46}},"174":{"start":{"line":175,"column":0},"end":{"line":175,"column":9}},"175":{"start":{"line":176,"column":0},"end":{"line":176,"column":43}},"176":{"start":{"line":177,"column":0},"end":{"line":177,"column":25}},"177":{"start":{"line":178,"column":0},"end":{"line":178,"column":0}},"178":{"start":{"line":179,"column":0},"end":{"line":179,"column":29}},"179":{"start":{"line":180,"column":0},"end":{"line":180,"column":27}},"180":{"start":{"line":181,"column":0},"end":{"line":181,"column":28}},"181":{"start":{"line":182,"column":0},"end":{"line":182,"column":36}},"182":{"start":{"line":183,"column":0},"end":{"line":183,"column":33}},"183":{"start":{"line":184,"column":0},"end":{"line":184,"column":6}},"184":{"start":{"line":185,"column":0},"end":{"line":185,"column":0}},"185":{"start":{"line":186,"column":0},"end":{"line":186,"column":0}},"186":{"start":{"line":187,"column":0},"end":{"line":187,"column":0}},"187":{"start":{"line":188,"column":0},"end":{"line":188,"column":12}},"188":{"start":{"line":189,"column":0},"end":{"line":189,"column":113}},"189":{"start":{"line":190,"column":0},"end":{"line":190,"column":17}},"190":{"start":{"line":191,"column":0},"end":{"line":191,"column":23}},"191":{"start":{"line":192,"column":0},"end":{"line":192,"column":62}},"192":{"start":{"line":193,"column":0},"end":{"line":193,"column":49}},"193":{"start":{"line":194,"column":0},"end":{"line":194,"column":111}},"194":{"start":{"line":195,"column":0},"end":{"line":195,"column":17}},"195":{"start":{"line":196,"column":0},"end":{"line":196,"column":34}},"196":{"start":{"line":197,"column":0},"end":{"line":197,"column":57}},"197":{"start":{"line":198,"column":0},"end":{"line":198,"column":22}},"198":{"start":{"line":199,"column":0},"end":{"line":199,"column":25}},"199":{"start":{"line":200,"column":0},"end":{"line":200,"column":0}},"200":{"start":{"line":201,"column":0},"end":{"line":201,"column":27}},"201":{"start":{"line":202,"column":0},"end":{"line":202,"column":96}},"202":{"start":{"line":203,"column":0},"end":{"line":203,"column":49}},"203":{"start":{"line":204,"column":0},"end":{"line":204,"column":126}},"204":{"start":{"line":205,"column":0},"end":{"line":205,"column":21}},"205":{"start":{"line":206,"column":0},"end":{"line":206,"column":89}},"206":{"start":{"line":207,"column":0},"end":{"line":207,"column":29}},"207":{"start":{"line":208,"column":0},"end":{"line":208,"column":0}},"208":{"start":{"line":209,"column":0},"end":{"line":209,"column":80}},"209":{"start":{"line":210,"column":0},"end":{"line":210,"column":63}},"210":{"start":{"line":211,"column":0},"end":{"line":211,"column":29}},"211":{"start":{"line":212,"column":0},"end":{"line":212,"column":18}},"212":{"start":{"line":213,"column":0},"end":{"line":213,"column":0}},"213":{"start":{"line":214,"column":0},"end":{"line":214,"column":50}},"214":{"start":{"line":215,"column":0},"end":{"line":215,"column":108}},"215":{"start":{"line":216,"column":0},"end":{"line":216,"column":140}},"216":{"start":{"line":217,"column":0},"end":{"line":217,"column":129}},"217":{"start":{"line":218,"column":0},"end":{"line":218,"column":62}},"218":{"start":{"line":219,"column":0},"end":{"line":219,"column":22}},"219":{"start":{"line":220,"column":0},"end":{"line":220,"column":18}},"220":{"start":{"line":221,"column":0},"end":{"line":221,"column":0}},"221":{"start":{"line":222,"column":0},"end":{"line":222,"column":17}},"222":{"start":{"line":223,"column":0},"end":{"line":223,"column":92}},"223":{"start":{"line":224,"column":0},"end":{"line":224,"column":22}},"224":{"start":{"line":225,"column":0},"end":{"line":225,"column":32}},"225":{"start":{"line":226,"column":0},"end":{"line":226,"column":27}},"226":{"start":{"line":227,"column":0},"end":{"line":227,"column":28}},"227":{"start":{"line":228,"column":0},"end":{"line":228,"column":43}},"228":{"start":{"line":229,"column":0},"end":{"line":229,"column":114}},"229":{"start":{"line":230,"column":0},"end":{"line":230,"column":47}},"230":{"start":{"line":231,"column":0},"end":{"line":231,"column":18}},"231":{"start":{"line":232,"column":0},"end":{"line":232,"column":18}},"232":{"start":{"line":233,"column":0},"end":{"line":233,"column":14}},"233":{"start":{"line":234,"column":0},"end":{"line":234,"column":6}},"234":{"start":{"line":235,"column":0},"end":{"line":235,"column":2}},"235":{"start":{"line":236,"column":0},"end":{"line":236,"column":0}},"236":{"start":{"line":237,"column":0},"end":{"line":237,"column":30}}},"s":{"0":1,"1":1,"2":1,"3":1,"4":1,"5":1,"6":1,"7":1,"8":1,"9":1,"10":1,"11":0,"12":0,"13":0,"14":0,"15":0,"16":1,"17":1,"18":1,"19":1,"20":1,"21":1,"22":1,"23":1,"24":1,"25":1,"26":1,"27":1,"28":1,"29":1,"30":1,"31":1,"32":1,"33":1,"34":1,"35":1,"36":1,"37":1,"38":1,"39":1,"40":1,"41":1,"42":1,"43":1,"44":1,"45":1,"46":1,"47":1,"48":1,"49":1,"50":1,"51":1,"52":1,"53":14,"54":14,"55":0,"56":0,"57":0,"58":0,"59":0,"60":0,"61":14,"62":0,"63":14,"64":0,"65":14,"66":14,"67":14,"68":0,"69":14,"70":0,"71":14,"72":0,"73":14,"74":0,"75":14,"76":0,"77":14,"78":14,"79":1,"80":1,"81":29,"82":29,"83":29,"84":29,"85":29,"86":29,"87":29,"88":29,"89":14,"90":29,"91":29,"92":29,"93":29,"94":14,"95":14,"96":14,"97":14,"98":14,"99":14,"100":0,"101":0,"102":14,"103":14,"104":14,"105":14,"106":14,"107":29,"108":29,"109":29,"110":29,"111":0,"112":29,"113":29,"114":29,"115":29,"116":14,"117":0,"118":0,"119":0,"120":0,"121":0,"122":0,"123":0,"124":0,"125":29,"126":29,"127":29,"128":29,"129":29,"130":29,"131":0,"132":0,"133":0,"134":0,"135":0,"136":0,"137":0,"138":0,"139":0,"140":0,"141":0,"142":0,"143":0,"144":29,"145":29,"146":29,"147":0,"148":0,"149":0,"150":0,"151":0,"152":0,"153":0,"154":0,"155":0,"156":0,"157":0,"158":0,"159":0,"160":0,"161":0,"162":0,"163":0,"164":0,"165":0,"166":0,"167":29,"168":29,"169":29,"170":0,"171":0,"172":0,"173":0,"174":0,"175":0,"176":29,"177":29,"178":29,"179":29,"180":0,"181":0,"182":0,"183":0,"184":29,"185":29,"186":29,"187":29,"188":29,"189":29,"190":29,"191":29,"192":29,"193":29,"194":29,"195":29,"196":29,"197":29,"198":29,"199":29,"200":29,"201":29,"202":29,"203":29,"204":29,"205":29,"206":29,"207":29,"208":29,"209":29,"210":29,"211":29,"212":29,"213":29,"214":29,"215":29,"216":29,"217":29,"218":29,"219":29,"220":29,"221":29,"222":29,"223":29,"224":29,"225":29,"226":29,"227":29,"228":29,"229":29,"230":29,"231":29,"232":29,"233":29,"234":29,"235":1,"236":1},"branchMap":{"0":{"type":"branch","line":53,"loc":{"start":{"line":53,"column":16},"end":{"line":79,"column":2}},"locations":[{"start":{"line":53,"column":16},"end":{"line":79,"column":2}}]},"1":{"type":"branch","line":55,"loc":{"start":{"line":55,"column":8},"end":{"line":61,"column":14}},"locations":[{"start":{"line":55,"column":8},"end":{"line":61,"column":14}}]},"2":{"type":"branch","line":62,"loc":{"start":{"line":62,"column":8},"end":{"line":63,"column":60}},"locations":[{"start":{"line":62,"column":8},"end":{"line":63,"column":60}}]},"3":{"type":"branch","line":64,"loc":{"start":{"line":64,"column":8},"end":{"line":65,"column":61}},"locations":[{"start":{"line":64,"column":8},"end":{"line":65,"column":61}}]},"4":{"type":"branch","line":68,"loc":{"start":{"line":68,"column":8},"end":{"line":69,"column":73}},"locations":[{"start":{"line":68,"column":8},"end":{"line":69,"column":73}}]},"5":{"type":"branch","line":70,"loc":{"start":{"line":70,"column":8},"end":{"line":71,"column":59}},"locations":[{"start":{"line":70,"column":8},"end":{"line":71,"column":59}}]},"6":{"type":"branch","line":72,"loc":{"start":{"line":72,"column":8},"end":{"line":73,"column":50}},"locations":[{"start":{"line":72,"column":8},"end":{"line":73,"column":50}}]},"7":{"type":"branch","line":74,"loc":{"start":{"line":74,"column":8},"end":{"line":75,"column":32}},"locations":[{"start":{"line":74,"column":8},"end":{"line":75,"column":32}}]},"8":{"type":"branch","line":76,"loc":{"start":{"line":76,"column":8},"end":{"line":77,"column":30}},"locations":[{"start":{"line":76,"column":8},"end":{"line":77,"column":30}}]},"9":{"type":"branch","line":81,"loc":{"start":{"line":81,"column":54},"end":{"line":235,"column":2}},"locations":[{"start":{"line":81,"column":54},"end":{"line":235,"column":2}}]},"10":{"type":"branch","line":189,"loc":{"start":{"line":189,"column":33},"end":{"line":189,"column":61}},"locations":[{"start":{"line":189,"column":33},"end":{"line":189,"column":61}}]},"11":{"type":"branch","line":189,"loc":{"start":{"line":189,"column":47},"end":{"line":189,"column":75}},"locations":[{"start":{"line":189,"column":47},"end":{"line":189,"column":75}}]},"12":{"type":"branch","line":192,"loc":{"start":{"line":192,"column":30},"end":{"line":192,"column":62}},"locations":[{"start":{"line":192,"column":30},"end":{"line":192,"column":62}}]},"13":{"type":"branch","line":202,"loc":{"start":{"line":202,"column":41},"end":{"line":202,"column":67}},"locations":[{"start":{"line":202,"column":41},"end":{"line":202,"column":67}}]},"14":{"type":"branch","line":202,"loc":{"start":{"line":202,"column":67},"end":{"line":202,"column":88}},"locations":[{"start":{"line":202,"column":67},"end":{"line":202,"column":88}}]},"15":{"type":"branch","line":202,"loc":{"start":{"line":202,"column":79},"end":{"line":202,"column":96}},"locations":[{"start":{"line":202,"column":79},"end":{"line":202,"column":96}}]},"16":{"type":"branch","line":206,"loc":{"start":{"line":206,"column":31},"end":{"line":206,"column":60}},"locations":[{"start":{"line":206,"column":31},"end":{"line":206,"column":60}}]},"17":{"type":"branch","line":206,"loc":{"start":{"line":206,"column":60},"end":{"line":206,"column":81}},"locations":[{"start":{"line":206,"column":60},"end":{"line":206,"column":81}}]},"18":{"type":"branch","line":206,"loc":{"start":{"line":206,"column":72},"end":{"line":206,"column":89}},"locations":[{"start":{"line":206,"column":72},"end":{"line":206,"column":89}}]},"19":{"type":"branch","line":210,"loc":{"start":{"line":210,"column":31},"end":{"line":210,"column":55}},"locations":[{"start":{"line":210,"column":31},"end":{"line":210,"column":55}}]},"20":{"type":"branch","line":216,"loc":{"start":{"line":216,"column":43},"end":{"line":216,"column":118}},"locations":[{"start":{"line":216,"column":43},"end":{"line":216,"column":118}}]},"21":{"type":"branch","line":217,"loc":{"start":{"line":217,"column":48},"end":{"line":217,"column":117}},"locations":[{"start":{"line":217,"column":48},"end":{"line":217,"column":117}}]},"22":{"type":"branch","line":223,"loc":{"start":{"line":223,"column":54},"end":{"line":223,"column":72}},"locations":[{"start":{"line":223,"column":54},"end":{"line":223,"column":72}}]},"23":{"type":"branch","line":89,"loc":{"start":{"line":89,"column":14},"end":{"line":91,"column":7}},"locations":[{"start":{"line":89,"column":14},"end":{"line":91,"column":7}}]},"24":{"type":"branch","line":94,"loc":{"start":{"line":94,"column":14},"end":{"line":108,"column":7}},"locations":[{"start":{"line":94,"column":14},"end":{"line":108,"column":7}}]},"25":{"type":"branch","line":95,"loc":{"start":{"line":95,"column":35},"end":{"line":103,"column":10}},"locations":[{"start":{"line":95,"column":35},"end":{"line":103,"column":10}}]},"26":{"type":"branch","line":100,"loc":{"start":{"line":100,"column":12},"end":{"line":102,"column":13}},"locations":[{"start":{"line":100,"column":12},"end":{"line":102,"column":13}}]},"27":{"type":"branch","line":116,"loc":{"start":{"line":116,"column":14},"end":{"line":126,"column":7}},"locations":[{"start":{"line":116,"column":14},"end":{"line":126,"column":7}}]},"28":{"type":"branch","line":117,"loc":{"start":{"line":117,"column":31},"end":{"line":125,"column":9}},"locations":[{"start":{"line":117,"column":31},"end":{"line":125,"column":9}}]}},"b":{"0":[14],"1":[0],"2":[0],"3":[0],"4":[0],"5":[0],"6":[0],"7":[0],"8":[0],"9":[29],"10":[11],"11":[18],"12":[21],"13":[0],"14":[8],"15":[21],"16":[0],"17":[8],"18":[21],"19":[0],"20":[0],"21":[0],"22":[0],"23":[14],"24":[14],"25":[14],"26":[0],"27":[14],"28":[0]},"fnMap":{"0":{"name":"convertToMinutesAndSeconds","decl":{"start":{"line":12,"column":0},"end":{"line":16,"column":1}},"loc":{"start":{"line":12,"column":0},"end":{"line":16,"column":1}},"line":12},"1":{"name":"reducer","decl":{"start":{"line":53,"column":16},"end":{"line":79,"column":2}},"loc":{"start":{"line":53,"column":16},"end":{"line":79,"column":2}},"line":53},"2":{"name":"CustomPrograms","decl":{"start":{"line":81,"column":54},"end":{"line":235,"column":2}},"loc":{"start":{"line":81,"column":54},"end":{"line":235,"column":2}},"line":81},"3":{"name":"loadCustomPrograms","decl":{"start":{"line":95,"column":35},"end":{"line":103,"column":10}},"loc":{"start":{"line":95,"column":35},"end":{"line":103,"column":10}},"line":95},"4":{"name":"loadProgram","decl":{"start":{"line":131,"column":24},"end":{"line":144,"column":6}},"loc":{"start":{"line":131,"column":24},"end":{"line":144,"column":6}},"line":131},"5":{"name":"handleStartStop","decl":{"start":{"line":147,"column":28},"end":{"line":167,"column":6}},"loc":{"start":{"line":147,"column":28},"end":{"line":167,"column":6}},"line":147},"6":{"name":"resetUI","decl":{"start":{"line":180,"column":20},"end":{"line":184,"column":6}},"loc":{"start":{"line":180,"column":20},"end":{"line":184,"column":6}},"line":180},"7":{"name":"onChange","decl":{"start":{"line":194,"column":30},"end":{"line":194,"column":111}},"loc":{"start":{"line":194,"column":30},"end":{"line":194,"column":111}},"line":194},"8":{"name":"onChange","decl":{"start":{"line":229,"column":30},"end":{"line":229,"column":114}},"loc":{"start":{"line":229,"column":30},"end":{"line":229,"column":114}},"line":229}},"f":{"0":0,"1":14,"2":29,"3":14,"4":0,"5":0,"6":0,"7":0,"8":0}}
,"/Users/forsite/Desktop/dev/asl-hoyland/src/CustomPrograms/ProgramSelect.tsx": {"path":"/Users/forsite/Desktop/dev/asl-hoyland/src/CustomPrograms/ProgramSelect.tsx","all":false,"statementMap":{"0":{"start":{"line":1,"column":0},"end":{"line":1,"column":26}},"1":{"start":{"line":2,"column":0},"end":{"line":2,"column":0}},"2":{"start":{"line":3,"column":0},"end":{"line":3,"column":30}},"3":{"start":{"line":4,"column":0},"end":{"line":4,"column":27}},"4":{"start":{"line":5,"column":0},"end":{"line":5,"column":1}},"5":{"start":{"line":6,"column":0},"end":{"line":6,"column":0}},"6":{"start":{"line":7,"column":0},"end":{"line":7,"column":75}},"7":{"start":{"line":8,"column":0},"end":{"line":8,"column":53}},"8":{"start":{"line":9,"column":0},"end":{"line":9,"column":74}},"9":{"start":{"line":10,"column":0},"end":{"line":10,"column":5}},"10":{"start":{"line":11,"column":0},"end":{"line":11,"column":0}},"11":{"start":{"line":12,"column":0},"end":{"line":12,"column":12}},"12":{"start":{"line":13,"column":0},"end":{"line":13,"column":10}},"13":{"start":{"line":14,"column":0},"end":{"line":14,"column":84}},"14":{"start":{"line":15,"column":0},"end":{"line":15,"column":41}},"15":{"start":{"line":16,"column":0},"end":{"line":16,"column":63}},"16":{"start":{"line":17,"column":0},"end":{"line":17,"column":15}},"17":{"start":{"line":18,"column":0},"end":{"line":18,"column":11}},"18":{"start":{"line":19,"column":0},"end":{"line":19,"column":6}},"19":{"start":{"line":20,"column":0},"end":{"line":20,"column":2}},"20":{"start":{"line":21,"column":0},"end":{"line":21,"column":0}},"21":{"start":{"line":22,"column":0},"end":{"line":22,"column":29}}},"s":{"0":1,"1":1,"2":1,"3":1,"4":1,"5":1,"6":1,"7":34,"8":31,"9":31,"10":3,"11":3,"12":3,"13":3,"14":3,"15":6,"16":3,"17":3,"18":3,"19":3,"20":1,"21":1},"branchMap":{"0":{"type":"branch","line":7,"loc":{"start":{"line":7,"column":52},"end":{"line":20,"column":2}},"locations":[{"start":{"line":7,"column":52},"end":{"line":20,"column":2}}]},"1":{"type":"branch","line":8,"loc":{"start":{"line":8,"column":9},"end":{"line":8,"column":52}},"locations":[{"start":{"line":8,"column":9},"end":{"line":8,"column":52}}]},"2":{"type":"branch","line":8,"loc":{"start":{"line":8,"column":52},"end":{"line":10,"column":5}},"locations":[{"start":{"line":8,"column":52},"end":{"line":10,"column":5}}]},"3":{"type":"branch","line":10,"loc":{"start":{"line":10,"column":4},"end":{"line":20,"column":2}},"locations":[{"start":{"line":10,"column":4},"end":{"line":20,"column":2}}]},"4":{"type":"branch","line":15,"loc":{"start":{"line":15,"column":30},"end":{"line":16,"column":63}},"locations":[{"start":{"line":15,"column":30},"end":{"line":16,"column":63}}]}},"b":{"0":[34],"1":[33],"2":[31],"3":[3],"4":[6]},"fnMap":{"0":{"name":"ProgramSelect","decl":{"start":{"line":7,"column":52},"end":{"line":20,"column":2}},"loc":{"start":{"line":7,"column":52},"end":{"line":20,"column":2}},"line":7}},"f":{"0":34}}
,"/Users/forsite/Desktop/dev/asl-hoyland/src/DefaultPrograms/Index.tsx": {"path":"/Users/forsite/Desktop/dev/asl-hoyland/src/DefaultPrograms/Index.tsx","all":false,"statementMap":{"0":{"start":{"line":1,"column":0},"end":{"line":1,"column":84}},"1":{"start":{"line":2,"column":0},"end":{"line":2,"column":46}},"2":{"start":{"line":3,"column":0},"end":{"line":3,"column":50}},"3":{"start":{"line":4,"column":0},"end":{"line":4,"column":48}},"4":{"start":{"line":5,"column":0},"end":{"line":5,"column":0}},"5":{"start":{"line":6,"column":0},"end":{"line":6,"column":32}},"6":{"start":{"line":7,"column":0},"end":{"line":7,"column":47}},"7":{"start":{"line":8,"column":0},"end":{"line":8,"column":23}},"8":{"start":{"line":9,"column":0},"end":{"line":9,"column":29}},"9":{"start":{"line":10,"column":0},"end":{"line":10,"column":1}},"10":{"start":{"line":11,"column":0},"end":{"line":11,"column":0}},"11":{"start":{"line":12,"column":0},"end":{"line":12,"column":69}},"12":{"start":{"line":13,"column":0},"end":{"line":13,"column":47}},"13":{"start":{"line":14,"column":0},"end":{"line":14,"column":64}},"14":{"start":{"line":15,"column":0},"end":{"line":15,"column":55}},"15":{"start":{"line":16,"column":0},"end":{"line":16,"column":1}},"16":{"start":{"line":17,"column":0},"end":{"line":17,"column":0}},"17":{"start":{"line":18,"column":0},"end":{"line":18,"column":17}},"18":{"start":{"line":19,"column":0},"end":{"line":19,"column":21}},"19":{"start":{"line":20,"column":0},"end":{"line":20,"column":26}},"20":{"start":{"line":21,"column":0},"end":{"line":21,"column":23}},"21":{"start":{"line":22,"column":0},"end":{"line":22,"column":22}},"22":{"start":{"line":23,"column":0},"end":{"line":23,"column":28}},"23":{"start":{"line":24,"column":0},"end":{"line":24,"column":27}},"24":{"start":{"line":25,"column":0},"end":{"line":25,"column":22}},"25":{"start":{"line":26,"column":0},"end":{"line":26,"column":24}},"26":{"start":{"line":27,"column":0},"end":{"line":27,"column":27}},"27":{"start":{"line":28,"column":0},"end":{"line":28,"column":26}},"28":{"start":{"line":29,"column":0},"end":{"line":29,"column":26}},"29":{"start":{"line":30,"column":0},"end":{"line":30,"column":1}},"30":{"start":{"line":31,"column":0},"end":{"line":31,"column":0}},"31":{"start":{"line":32,"column":0},"end":{"line":32,"column":13}},"32":{"start":{"line":33,"column":0},"end":{"line":33,"column":47}},"33":{"start":{"line":34,"column":0},"end":{"line":34,"column":53}},"34":{"start":{"line":35,"column":0},"end":{"line":35,"column":50}},"35":{"start":{"line":36,"column":0},"end":{"line":36,"column":48}},"36":{"start":{"line":37,"column":0},"end":{"line":37,"column":55}},"37":{"start":{"line":38,"column":0},"end":{"line":38,"column":54}},"38":{"start":{"line":39,"column":0},"end":{"line":39,"column":49}},"39":{"start":{"line":40,"column":0},"end":{"line":40,"column":51}},"40":{"start":{"line":41,"column":0},"end":{"line":41,"column":114}},"41":{"start":{"line":42,"column":0},"end":{"line":42,"column":27}},"42":{"start":{"line":43,"column":0},"end":{"line":43,"column":0}},"43":{"start":{"line":44,"column":0},"end":{"line":44,"column":29}},"44":{"start":{"line":45,"column":0},"end":{"line":45,"column":16}},"45":{"start":{"line":46,"column":0},"end":{"line":46,"column":21}},"46":{"start":{"line":47,"column":0},"end":{"line":47,"column":18}},"47":{"start":{"line":48,"column":0},"end":{"line":48,"column":17}},"48":{"start":{"line":49,"column":0},"end":{"line":49,"column":24}},"49":{"start":{"line":50,"column":0},"end":{"line":50,"column":21}},"50":{"start":{"line":51,"column":0},"end":{"line":51,"column":20}},"51":{"start":{"line":52,"column":0},"end":{"line":52,"column":22}},"52":{"start":{"line":53,"column":0},"end":{"line":53,"column":22}},"53":{"start":{"line":54,"column":0},"end":{"line":54,"column":21}},"54":{"start":{"line":55,"column":0},"end":{"line":55,"column":22}},"55":{"start":{"line":56,"column":0},"end":{"line":56,"column":2}},"56":{"start":{"line":57,"column":0},"end":{"line":57,"column":0}},"57":{"start":{"line":58,"column":0},"end":{"line":58,"column":62}},"58":{"start":{"line":59,"column":0},"end":{"line":59,"column":0}},"59":{"start":{"line":60,"column":0},"end":{"line":60,"column":82}},"60":{"start":{"line":61,"column":0},"end":{"line":61,"column":52}},"61":{"start":{"line"
[...]
loc":{"start":{"line":237,"column":39},"end":{"line":237,"column":45}},"locations":[{"start":{"line":237,"column":39},"end":{"line":237,"column":45}}]},"60":{"type":"branch","line":238,"loc":{"start":{"line":238,"column":32},"end":{"line":238,"column":56}},"locations":[{"start":{"line":238,"column":32},"end":{"line":238,"column":56}}]},"61":{"type":"branch","line":238,"loc":{"start":{"line":238,"column":56},"end":{"line":238,"column":73}},"locations":[{"start":{"line":238,"column":56},"end":{"line":238,"column":73}}]},"62":{"type":"branch","line":239,"loc":{"start":{"line":239,"column":39},"end":{"line":239,"column":45}},"locations":[{"start":{"line":239,"column":39},"end":{"line":239,"column":45}}]},"63":{"type":"branch","line":246,"loc":{"start":{"line":246,"column":32},"end":{"line":246,"column":63}},"locations":[{"start":{"line":246,"column":32},"end":{"line":246,"column":63}}]},"64":{"type":"branch","line":246,"loc":{"start":{"line":246,"column":63},"end":{"line":249,"column":21}},"locations":[{"start":{"line":246,"column":63},"end":{"line":249,"column":21}}]},"65":{"type":"branch","line":247,"loc":{"start":{"line":247,"column":41},"end":{"line":247,"column":47}},"locations":[{"start":{"line":247,"column":41},"end":{"line":247,"column":47}}]},"66":{"type":"branch","line":247,"loc":{"start":{"line":247,"column":41},"end":{"line":249,"column":21}},"locations":[{"start":{"line":247,"column":41},"end":{"line":249,"column":21}}]},"67":{"type":"branch","line":250,"loc":{"start":{"line":250,"column":39},"end":{"line":250,"column":45}},"locations":[{"start":{"line":250,"column":39},"end":{"line":250,"column":45}}]},"68":{"type":"branch","line":257,"loc":{"start":{"line":257,"column":26},"end":{"line":257,"column":56}},"locations":[{"start":{"line":257,"column":26},"end":{"line":257,"column":56}}]},"69":{"type":"branch","line":260,"loc":{"start":{"line":260,"column":13},"end":{"line":260,"column":24}},"locations":[{"start":{"line":260,"column":13},"end":{"line":260,"column":24}}]},"70":{"type":"branch","line":171,"loc":{"start":{"line":171,"column":30},"end":{"line":181,"column":11}},"locations":[{"start":{"line":171,"column":30},"end":{"line":181,"column":11}}]},"71":{"type":"branch","line":172,"loc":{"start":{"line":172,"column":33},"end":{"line":180,"column":13}},"locations":[{"start":{"line":172,"column":33},"end":{"line":180,"column":13}}]},"72":{"type":"branch","line":173,"loc":{"start":{"line":173,"column":34},"end":{"line":178,"column":17}},"locations":[{"start":{"line":173,"column":34},"end":{"line":178,"column":17}}]},"73":{"type":"branch","line":177,"loc":{"start":{"line":177,"column":44},"end":{"line":177,"column":50}},"locations":[{"start":{"line":177,"column":44},"end":{"line":177,"column":50}}]},"74":{"type":"branch","line":178,"loc":{"start":{"line":178,"column":16},"end":{"line":180,"column":13}},"locations":[{"start":{"line":178,"column":16},"end":{"line":180,"column":13}}]},"75":{"type":"branch","line":223,"loc":{"start":{"line":223,"column":22},"end":{"line":223,"column":75}},"locations":[{"start":{"line":223,"column":22},"end":{"line":223,"column":75}}]},"76":{"type":"branch","line":223,"loc":{"start":{"line":223,"column":42},"end":{"line":223,"column":75}},"locations":[{"start":{"line":223,"column":42},"end":{"line":223,"column":75}}]},"77":{"type":"branch","line":224,"loc":{"start":{"line":224,"column":22},"end":{"line":224,"column":76}},"locations":[{"start":{"line":224,"column":22},"end":{"line":224,"column":76}}]},"78":{"type":"branch","line":263,"loc":{"start":{"line":263,"column":4},"end":{"line":267,"column":5}},"locations":[{"start":{"line":263,"column":4},"end":{"line":267,"column":5}}]},"79":{"type":"branch","line":264,"loc":{"start":{"line":264,"column":42},"end":{"line":264,"column":49}},"locations":[{"start":{"line":264,"column":42},"end":{"line":264,"column":49}}]},"80":{"type":"branch","line":269,"loc":{"start":{"line":269,"column":4},"end":{"line":273,"column":5}},"locations":[{"start":{"line":269,"column":4},"end":{"line":273,"column":5}}]},"81":{"type":"branch","line":270,"loc":{"start":{"line":270,"column":43},"end":{"line":270,"column":50}},"locations":[{"start":{"line":270,"column":43},"end":{"line":270,"column":50}}]},"82":{"type":"branch","line":275,"loc":{"start":{"line":275,"column":4},"end":{"line":278,"column":5}},"locations":[{"start":{"line":275,"column":4},"end":{"line":278,"column":5}}]},"83":{"type":"branch","line":277,"loc":{"start":{"line":277,"column":66},"end":{"line":277,"column":78}},"locations":[{"start":{"line":277,"column":66},"end":{"line":277,"column":78}}]}},"b":{"0":[15],"1":[1281],"2":[1281],"3":[21],"4":[18],"5":[3],"6":[0],"7":[3],"8":[3],"9":[0],"10":[7],"11":[0],"12":[77],"13":[77],"14":[9],"15":[0],"16":[1],"17":[11],"18":[0],"19":[10],"20":[1],"21":[2],"22":[208],"23":[128],"24":[8],"25":[7],"26":[1],"27":[1],"28":[3],"29":[3],"30":[0],"31":[0],"32":[0],"33":[0],"34":[0],"35":[3],"36":[2],"37":[1],"38":[8],"39":[0],"40":[1],"41":[7],"42":[1],"43":[6],"44":[2],"45":[2],"46":[1],"47":[1],"48":[0],"49":[0],"50":[1],"51":[1],"52":[1023],"53":[1021],"54":[0],"55":[0],"56":[0],"57":[5],"58":[4],"59":[0],"60":[0],"61":[0],"62":[0],"63":[47],"64":[44],"65":[1],"66":[43],"67":[0],"68":[5],"69":[1],"70":[8],"71":[216],"72":[206],"73":[5],"74":[211],"75":[22],"76":[21],"77":[1001],"78":[1],"79":[0],"80":[1],"81":[0],"82":[8],"83":[1]},"fnMap":{"0":{"name":"asBool","decl":{"start":{"line":23,"column":15},"end":{"line":23,"column":64}},"loc":{"start":{"line":23,"column":15},"end":{"line":23,"column":64}},"line":23},"1":{"name":"sleep","decl":{"start":{"line":24,"column":14},"end":{"line":24,"column":68}},"loc":{"start":{"line":24,"column":14},"end":{"line":24,"column":68}},"line":24},"2":{"name":"num","decl":{"start":{"line":27,"column":12},"end":{"line":31,"column":2}},"loc":{"start":{"line":27,"column":12},"end":{"line":31,"column":2}},"line":27},"3":{"name":"clampAndSnap","decl":{"start":{"line":32,"column":21},"end":{"line":38,"column":2}},"loc":{"start":{"line":32,"column":21},"end":{"line":38,"column":2}},"line":32},"4":{"name":"<instance_members_initializer>","decl":{"start":{"line":40,"column":35},"end":{"line":279,"column":1}},"loc":{"start":{"line":40,"column":35},"end":{"line":279,"column":1}},"line":40},"5":{"name":"ProgramRunner","decl":{"start":{"line":52,"column":4},"end":{"line":58,"column":5}},"loc":{"start":{"line":52,"column":4},"end":{"line":58,"column":5}},"line":52},"6":{"name":"loadProgram","decl":{"start":{"line":60,"column":4},"end":{"line":62,"column":5}},"loc":{"start":{"line":60,"column":4},"end":{"line":62,"column":5}},"line":60},"7":{"name":"setProgressCallback","decl":{"start":{"line":64,"column":4},"end":{"line":64,"column":71}},"loc":{"start":{"line":64,"column":4},"end":{"line":64,"column":71}},"line":64},"8":{"name":"setOnStopCallback","decl":{"start":{"line":65,"column":4},"end":{"line":65,"column":59}},"loc":{"start":{"line":65,"column":4},"end":{"line":65,"column":59}},"line":65},"9":{"name":"sendAmp","decl":{"start":{"line":68,"column":4},"end":{"line":76,"column":5}},"loc":{"start":{"line":68,"column":4},"end":{"line":76,"column":5}},"line":68},"10":{"name":"setIntensity","decl":{"start":{"line":82,"column":4},"end":{"line":86,"column":5}},"loc":{"start":{"line":82,"column":4},"end":{"line":86,"column":5}},"line":82},"11":{"name":"reportProgress","decl":{"start":{"line":88,"column":12},"end":{"line":90,"column":5}},"loc":{"start":{"line":88,"column":12},"end":{"line":90,"column":5}},"line":88},"12":{"name":"applyCurrentIntensity","decl":{"start":{"line":97,"column":4},"end":{"line":108,"column":5}},"loc":{"start":{"line":97,"column":4},"end":{"line":108,"column":5}},"line":97},"13":{"name":"runSpecialCase","decl":{"start":{"line":111,"column":4},"end":{"line":147,"column":5}},"loc":{"start":{"line":111,"column":4},"end":{"line":147,"column":5}},"line":111},"14":{"name":"update","decl":{"start":{"line":119,"column":23},"end":{"line":126,"column":10}},"loc":{"start":{"line":119,"column":23},"end":{"line":126,"column":10}},"line":119},"15":{"name":"initializeChannel1","decl":{"start":{"line":149,"column":4},"end":{"line":149,"column":72}},"loc":{"start":{"line":149,"column":4},"end":{"line":149,"column":72}},"line":149},"16":{"name":"initializeChannel0","decl":{"start":{"line":150,"column":4},"end":{"line":150,"column":74}},"loc":{"start":{"line":150,"column":4},"end":{"line":150,"column":74}},"line":150},"17":{"name":"setChannel1StartFrequency","decl":{"start":{"line":152,"column":4},"end":{"line":157,"column":5}},"loc":{"start":{"line":152,"column":4},"end":{"line":157,"column":5}},"line":152},"18":{"name":"startProgram","decl":{"start":{"line":159,"column":4},"end":{"line":261,"column":5}},"loc":{"start":{"line":159,"column":4},"end":{"line":261,"column":5}},"line":159},"19":{"name":"condition","decl":{"start":{"line":223,"column":22},"end":{"line":223,"column":75}},"loc":{"start":{"line":223,"column":22},"end":{"line":223,"column":75}},"line":223},"20":{"name":"condition","decl":{"start":{"line":224,"column":22},"end":{"line":224,"column":76}},"loc":{"start":{"line":224,"column":22},"end":{"line":224,"column":76}},"line":224},"21":{"name":"pauseProgram","decl":{"start":{"line":263,"column":4},"end":{"line":267,"column":5}},"loc":{"start":{"line":263,"column":4},"end":{"line":267,"column":5}},"line":263},"22":{"name":"resumeProgram","decl":{"start":{"line":269,"column":4},"end":{"line":273,"column":5}},"loc":{"start":{"line":269,"column":4},"end":{"line":273,"column":5}},"line":269},"23":{"name":"stopProgram","decl":{"start":{"line":275,"column":4},"end":{"line":278,"column":5}},"loc":{"start":{"line":275,"column":4},"end":{"line":278,"column":5}},"line":275}},"f":{"0":15,"1":1281,"2":21,"3":7,"4":77,"5":77,"6":9,"7":0,"8":1,"9":11,"10":2,"11":208,"12":8,"13":1,"14":3,"15":0,"16":0,"17":1,"18":8,"19":22,"20":1001,"21":1,"22":1,"23":8}}
,"/Users/forsite/Desktop/dev/asl-hoyland/src/util/mode.ts": {"path":"/Users/forsite/Desktop/dev/asl-hoyland/src/util/mode.ts","all":false,"statementMap":{"0":{"start":{"line":1,"column":0},"end":{"line":1,"column":48}},"1":{"start":{"line":2,"column":0},"end":{"line":2,"column":0}},"2":{"start":{"line":3,"column":0},"end":{"line":3,"column":15}},"3":{"start":{"line":4,"column":0},"end":{"line":4,"column":31}},"4":{"start":{"line":5,"column":0},"end":{"line":5,"column":31}},"5":{"start":{"line":6,"column":0},"end":{"line":6,"column":32}},"6":{"start":{"line":7,"column":0},"end":{"line":7,"column":33}},"7":{"start":{"line":8,"column":0},"end":{"line":8,"column":32}},"8":{"start":{"line":9,"column":0},"end":{"line":9,"column":2}},"9":{"start":{"line":10,"column":0},"end":{"line":10,"column":0}},"10":{"start":{"line":11,"column":0},"end":{"line":11,"column":32}},"11":{"start":{"line":12,"column":0},"end":{"line":12,"column":51}},"12":{"start":{"line":13,"column":0},"end":{"line":13,"column":67}},"13":{"start":{"line":14,"column":0},"end":{"line":14,"column":0}},"14":{"start":{"line":15,"column":0},"end":{"line":15,"column":42}},"15":{"start":{"line":16,"column":0},"end":{"line":16,"column":42}},"16":{"start":{"line":17,"column":0},"end":{"line":17,"column":62}},"17":{"start":{"line":18,"column":0},"end":{"line":18,"column":63}},"18":{"start":{"line":19,"column":0},"end":{"line":19,"column":0}},"19":{"start":{"line":20,"column":0},"end":{"line":20,"column":33}},"20":{"start":{"line":21,"column":0},"end":{"line":21,"column":45}},"21":{"start":{"line":22,"column":0},"end":{"line":22,"column":45}},"22":{"start":{"line":23,"column":0},"end":{"line":23,"column":75}},"23":{"start":{"line":24,"column":0},"end":{"line":24,"column":0}},"24":{"start":{"line":25,"column":0},"end":{"line":25,"column":22}},"25":{"start":{"line":26,"column":0},"end":{"line":26,"column":42}},"26":{"start":{"line":27,"column":0},"end":{"line":27,"column":46}},"27":{"start":{"line":28,"column":0},"end":{"line":28,"column":48}},"28":{"start":{"line":29,"column":0},"end":{"line":29,"column":0}},"29":{"start":{"line":30,"column":0},"end":{"line":30,"column":27}},"30":{"start":{"line":31,"column":0},"end":{"line":31,"column":23}},"31":{"start":{"line":32,"column":0},"end":{"line":32,"column":1}},"32":{"start":{"line":33,"column":0},"end":{"line":33,"column":0}},"33":{"start":{"line":34,"column":0},"end":{"line":34,"column":51}},"34":{"start":{"line":35,"column":0},"end":{"line":35,"column":36}},"35":{"start":{"line":36,"column":0},"end":{"line":36,"column":45}},"36":{"start":{"line":37,"column":0},"end":{"line":37,"column":78}},"37":{"start":{"line":38,"column":0},"end":{"line":38,"column":0}},"38":{"start":{"line":39,"column":0},"end":{"line":39,"column":37}},"39":{"start":{"line":40,"column":0},"end":{"line":40,"column":67}},"40":{"start":{"line":41,"column":0},"end":{"line":41,"column":57}},"41":{"start":{"line":42,"column":0},"end":{"line":42,"column":56}},"42":{"start":{"line":43,"column":0},"end":{"line":43,"column":31}},"43":{"start":{"line":44,"column":0},"end":{"line":44,"column":7}},"44":{"start":{"line":45,"column":0},"end":{"line":45,"column":67}},"45":{"start":{"line":46,"column":0},"end":{"line":46,"column":43}},"46":{"start":{"line":47,"column":0},"end":{"line":47,"column":121}},"47":{"start":{"line":48,"column":0},"end":{"line":48,"column":11}},"48":{"start":{"line":49,"column":0},"end":{"line":49,"column":24}},"49":{"start":{"line":50,"column":0},"end":{"line":50,"column":3}},"50":{"start":{"line":51,"column":0},"end":{"line":51,"column":0}},"51":{"start":{"line":52,"column":0},"end":{"line":52,"column":40}},"52":{"start":{"line":53,"column":0},"end":{"line":53,"column":42}},"53":{"start":{"line":54,"column":0},"end":{"line":54,"column":70}},"54":{"start":{"line":55,"column":0},"end":{"line":55,"column":0}},"55":{"start":{"line":56,"column":0},"end":{"line":56,"column":78}},"56":{"start":{"line":57,"column":0},"end":{"line":57,"column":0}},"57":{"start":{"line":58,"column":0},"end":{"line":58,"column":72}},"58":{"start":{"line":59,"column":0},"end":{"line":59,"column":1}},"59":{"start":{"line":60,"column":0},"end":{"line":60,"column":0}},"60":{"start":{"line":61,"column":0},"end":{"line":61,"column":61}},"61":{"start":{"line":62,"column":0},"end":{"line":62,"column":38}}},"s":{"0":1,"1":1,"2":1,"3":1,"4":1,"5":1,"6":1,"7":1,"8":1,"9":1,"10":1,"11":1,"12":12,"13":12,"14":12,"15":12,"16":12,"17":12,"18":8,"19":8,"20":12,"21":12,"22":12,"23":5,"24":5,"25":12,"26":12,"27":12,"28":3,"29":3,"30":3,"31":3,"32":1,"33":1,"34":1,"35":4,"36":4,"37":4,"38":4,"39":4,"40":4,"41":4,"42":4,"43":4,"44":4,"45":4,"46":4,"47":4,"48":4,"49":4,"50":4,"51":4,"52":4,"53":4,"54":4,"55":4,"56":4,"57":4,"58":4,"59":1,"60":1,"61":1},"branchMap":{"0":{"type":"branch","line":12,"loc":{"start":{"line":12,"column":7},"end":{"line":32,"column":1}},"locations":[{"start":{"line":12,"column":7},"end":{"line":32,"column":1}}]},"1":{"type":"branch","line":16,"loc":{"start":{"line":16,"column":13},"end":{"line":16,"column":28}},"locations":[{"start":{"line":16,"column":13},"end":{"line":16,"column":28}}]},"2":{"type":"branch","line":17,"loc":{"start":{"line":17,"column":12},"end":{"line":17,"column":42}},"locations":[{"start":{"line":17,"column":12},"end":{"line":17,"column":42}}]},"3":{"type":"branch","line":17,"loc":{"start":{"line":17,"column":42},"end":{"line":17,"column":62}},"locations":[{"start":{"line":17,"column":42},"end":{"line":17,"column":62}}]},"4":{"type":"branch","line":17,"loc":{"start":{"line":17,"column":49},"end":{"line":18,"column":42}},"locations":[{"start":{"line":17,"column":49},"end":{"line":18,"column":42}}]},"5":{"type":"branch","line":18,"loc":{"start":{"line":18,"column":42},"end":{"line":18,"column":63}},"locations":[{"start":{"line":18,"column":42},"end":{"line":18,"column":63}}]},"6":{"type":"branch","line":18,"loc":{"start":{"line":18,"column":49},"end":{"line":21,"column":32}},"locations":[{"start":{"line":18,"column":49},"end":{"line":21,"column":32}}]},"7":{"type":"branch","line":21,"loc":{"start":{"line":21,"column":25},"end":{"line":21,"column":45}},"locations":[{"start":{"line":21,"column":25},"end":{"line":21,"column":45}}]},"8":{"type":"branch","line":21,"loc":{"start":{"line":21,"column":32},"end":{"line":22,"column":31}},"locations":[{"start":{"line":21,"column":32},"end":{"line":22,"column":31}}]},"9":{"type":"branch","line":22,"loc":{"start":{"line":22,"column":24},"end":{"line":22,"column":45}},"locations":[{"start":{"line":22,"column":24},"end":{"line":22,"column":45}}]},"10":{"type":"branch","line":22,"loc":{"start":{"line":22,"column":31},"end":{"line":23,"column":19}},"locations":[{"start":{"line":22,"column":31},"end":{"line":23,"column":19}}]},"11":{"type":"branch","line":23,"loc":{"start":{"line":23,"column":7},"end":{"line":23,"column":23}},"locations":[{"start":{"line":23,"column":7},"end":{"line":23,"column":23}}]},"12":{"type":"branch","line":23,"loc":{"start":{"line":23,"column":55},"end":{"line":23,"column":75}},"locations":[{"start":{"line":23,"column":55},"end":{"line":23,"column":75}}]},"13":{"type":"branch","line":23,"loc":{"start":{"line":23,"column":62},"end":{"line":26,"column":24}},"locations":[{"start":{"line":23,"column":62},"end":{"line":26,"column":24}}]},"14":{"type":"branch","line":26,"loc":{"start":{"line":26,"column":13},"end":{"line":26,"column":28}},"locations":[{"start":{"line":26,"column":13},"end":{"line":26,"column":28}}]},"15":{"type":"branch","line":27,"loc":{"start":{"line":27,"column":26},"end":{"line":27,"column":46}},"locations":[{"start":{"line":27,"column":26},"end":{"line":27,"column":46}}]},"16":{"type":"branch","line":27,"loc":{"start":{"line":27,"column":33},"end":{"line":28,"column":34}},"locations":[{"start":{"line":27,"column":33},"end":{"line":28,"column":34}}]},"17":{"type":"branch","line":28,"loc":{"start":{"line":28,"column":27},"end":{"line":28,"column":48}},"locations":[{"start":{"line":28,"column":27},"end":{"line":28,"column":48}}]},"18":{"type":"branch","line":28,"loc":{"start":{"line":28,"column":34},"end":{"line":32,"column":1}},"locations":[{"start":{"line":28,"column":34},"end":{"line":32,"column":1}}]},"19":{"type":"branch","line":35,"loc":{"start":{"line":35,"column":7},"end":{"line":59,"column":1}},"locations":[{"start":{"line":35,"column":7},"end":{"line":59,"column":1}}]},"20":{"type":"branch","line":37,"loc":{"start":{"line":37,"column":33},"end":{"line":37,"column":78}},"locations":[{"start":{"line":37,"column":33},"end":{"line":37,"column":78}}]},"21":{"type":"branch","line":47,"loc":{"start":{"line":47,"column":98},"end":{"line":47,"column":121}},"locations":[{"start":{"line":47,"column":98},"end":{"line":47,"column":121}}]},"22":{"type":"branch","line":52,"loc":{"start":{"line":52,"column":26},"end":{"line":52,"column":38}},"locations":[{"start":{"line":52,"column":26},"end":{"line":52,"column":38}}]},"23":{"type":"branch","line":53,"loc":{"start":{"line":53,"column":27},"end":{"line":53,"column":40}},"locations":[{"start":{"line":53,"column":27},"end":{"line":53,"column":40}}]},"24":{"type":"branch","line":54,"loc":{"start":{"line":54,"column":20},"end":{"line":54,"column":60}},"locations":[{"start":{"line":54,"column":20},"end":{"line":54,"column":60}}]},"25":{"type":"branch","line":56,"loc":{"start":{"line":56,"column":33},"end":{"line":56,"column":78}},"locations":[{"start":{"line":56,"column":33},"end":{"line":56,"column":78}}]}},"b":{"0":[12],"1":[8],"2":[9],"3":[3],"4":[9],"5":[1],"6":[8],"7":[1],"8":[7],"9":[1],"10":[6],"11":[5],"12":[1],"13":[5],"14":[1],"15":[1],"16":[4],"17":[1],"18":[3],"19":[4],"20":[2],"21":[0],"22":[0],"23":[0],"24":[0],"25":[2]},"fnMap":{"0":{"name":"computeMode","decl":{"start":{"line":12,"column":7},"end":{"line":32,"column":1}},"loc":{"start":{"line":12,"column":7},"end":{"line":32,"column":1}},"line":12},"1":{"name":"detectMode","decl":{"start":{"line":35,"column":7},"end":{"line":59,"column":1}},"loc":{"start":{"line":35,"column":7},"end":{"line":59,"column":1}},"line":35}},"f":{"0":12,"1":4}}
}
