TN:
SF:src/App.tsx
FN:11,App
FN:69,checkCancelled
FN:85,handleSave
FN:198,onCancel
FN:207,onClick
FN:240,AppWithProviders
FNF:6
FNH:4
FNDA:52,App
FNDA:28,checkCancelled
FNDA:0,handleSave
FNDA:0,onCancel
FNDA:1,onClick
FNDA:17,AppWithProviders
DA:1,1
DA:2,1
DA:3,1
DA:4,1
DA:5,1
DA:6,1
DA:7,1
DA:8,1
DA:9,1
DA:10,1
DA:11,1
DA:12,52
DA:13,52
DA:14,52
DA:15,52
DA:16,52
DA:17,52
DA:18,52
DA:19,52
DA:20,34
DA:21,17
DA:22,17
DA:23,52
DA:24,52
DA:25,52
DA:26,52
DA:27,52
DA:28,17
DA:29,17
DA:30,17
DA:31,17
DA:32,0
DA:33,0
DA:34,17
DA:35,52
DA:36,52
DA:37,52
DA:38,52
DA:39,16
DA:40,16
DA:41,16
DA:42,16
DA:43,16
DA:44,5
DA:45,5
DA:46,5
DA:47,5
DA:48,16
DA:49,0
DA:50,0
DA:51,0
DA:52,0
DA:53,0
DA:54,0
DA:55,5
DA:56,16
DA:57,15
DA:58,5
DA:59,5
DA:60,15
DA:61,16
DA:62,52
DA:63,52
DA:64,52
DA:65,52
DA:66,34
DA:67,34
DA:68,17
DA:69,17
DA:70,17
DA:71,17
DA:72,17
DA:73,15
DA:74,15
DA:75,15
DA:76,17
DA:77,17
DA:78,17
DA:79,17
DA:80,17
DA:81,17
DA:82,52
DA:83,52
DA:84,52
DA:85,52
DA:86,0
DA:87,0
DA:88,0
DA:89,0
DA:90,0
DA:91,0
DA:92,0
DA:93,0
DA:94,52
DA:95,52
DA:96,52
DA:97,52
DA:98,52
DA:99,52
DA:100,52
DA:101,52
DA:102,52
DA:103,52
DA:104,52
DA:105,52
DA:106,52
DA:107,52
DA:108,52
DA:109,52
DA:110,52
DA:111,52
DA:112,52
DA:113,52
DA:114,52
DA:115,52
DA:116,52
DA:117,52
DA:118,52
DA:119,52
DA:120,52
DA:121,52
DA:122,52
DA:123,52
DA:124,52
DA:125,52
DA:126,52
DA:127,52
DA:128,52
DA:129,52
DA:130,52
DA:131,52
DA:132,52
DA:133,52
DA:134,52
DA:135,52
DA:136,52
DA:137,52
DA:138,52
DA:139,52
DA:140,52
DA:141,52
DA:142,52
DA:143,52
DA:144,52
DA:145,52
DA:146,52
DA:147,52
DA:148,52
DA:149,52
DA:150,52
DA:151,52
DA:152,52
DA:153,52
DA:154,52
DA:155,52
DA:156,52
DA:157,52
DA:158,52
DA:159,52
DA:160,52
DA:161,52
DA:162,52
DA:163,52
DA:164,52
DA:165,52
DA:166,52
DA:167,52
DA:168,52
DA:169,52
DA:170,52
DA:171,52
DA:172,52
DA:173,52
DA:174,52
DA:175,52
DA:176,52
DA:177,52
DA:178,52
DA:179,52
DA:180,52
DA:181,52
DA:182,52
DA:183,52
DA:184,52
DA:185,52
DA:186,52
DA:187,52
DA:188,52
DA:189,52
DA:190,52
DA:191,52
DA:192,52
DA:193,52
DA:194,52
DA:195,52
DA:196,52
DA:197,52
DA:198,52
DA:199,52
DA:200,52
DA:201,52
DA:202,52
DA:203,52
DA:204,52
DA:205,52
DA:206,52
DA:207,52
DA:208,1
DA:209,1
DA:210,52
DA:211,52
DA:212,52
DA:213,52
DA:214,52
DA:215,13
DA:216,13
DA:217,13
DA:218,13
DA:219,13
DA:220,39
DA:221,39
DA:222,52
DA:223,52
DA:224,52
DA:225,52
DA:226,52
DA:227,52
DA:228,52
DA:229,52
DA:230,52
DA:231,52
DA:232,52
DA:233,52
DA:234,52
DA:235,52
DA:236,52
DA:237,1
DA:238,1
DA:239,1
DA:240,1
DA:241,17
DA:242,17
DA:243,17
DA:244,1
DA:245,1
DA:246,1
LF:246
LH:230
BRDA:11,0,0,52
BRDA:95,1,0,7
BRDA:145,2,0,0
BRDA:146,3,0,0
BRDA:154,4,0,0
BRDA:155,5,0,0
BRDA:163,6,0,0
BRDA:164,7,0,0
BRDA:206,8,0,45
BRDA:206,9,0,7
BRDA:212,10,0,13
BRDA:212,11,0,39
BRDA:212,12,0,5
BRDA:212,13,0,34
BRDA:214,14,0,13
BRDA:219,15,0,39
BRDA:19,16,0,34
BRDA:20,17,0,17
BRDA:27,18,0,17
BRDA:28,19,0,0
BRDA:30,20,0,17
BRDA:31,21,0,16
BRDA:31,22,0,0
BRDA:38,23,0,16
BRDA:39,24,0,0
BRDA:42,25,0,15
BRDA:43,26,0,14
BRDA:43,27,0,10
BRDA:43,28,0,5
BRDA:48,29,0,0
BRDA:54,30,0,5
BRDA:56,31,0,15
BRDA:57,32,0,14
BRDA:57,33,0,5
BRDA:65,34,0,34
BRDA:66,35,0,0
BRDA:67,36,0,17
BRDA:69,37,0,28
BRDA:72,38,0,15
BRDA:78,39,0,17
BRDA:207,40,0,1
BRDA:240,41,0,17
BRF:42
BRH:31
end_of_record
TN:
SF:src/AppContext.tsx
FN:29,AppProvider
FN:58,useAppContext
FNF:2
FNH:2
FNDA:84,AppProvider
FNDA:326,useAppContext
DA:1,1
DA:2,1
DA:3,1
DA:4,1
DA:5,1
DA:6,1
DA:7,1
DA:8,1
DA:9,1
DA:10,1
DA:11,1
DA:12,1
DA:13,1
DA:14,1
DA:15,1
DA:16,1
DA:17,1
DA:18,1
DA:19,1
DA:20,1
DA:21,1
DA:22,1
DA:23,1
DA:24,1
DA:25,1
DA:26,1
DA:27,1
DA:28,1
DA:29,1
DA:30,84
DA:31,84
DA:32,84
DA:33,33
DA:34,84
DA:35,84
DA:36,84
DA:37,84
DA:38,84
DA:39,84
DA:40,84
DA:41,84
DA:42,84
DA:43,84
DA:44,84
DA:45,84
DA:46,81
DA:47,81
DA:48,81
DA:49,81
DA:50,81
DA:51,81
DA:52,84
DA:53,84
DA:54,84
DA:55,84
DA:56,84
DA:57,1
DA:58,1
DA:59,326
DA:60,326
DA:61,4
DA:62,4
DA:63,322
DA:64,322
LF:64
LH:64
BRDA:29,0,0,84
BRDA:32,1,0,33
BRDA:33,2,0,24
BRDA:37,3,0,69
BRDA:38,4,0,69
BRDA:40,5,0,69
BRDA:45,6,0,81
BRDA:58,7,0,326
BRDA:60,8,0,4
BRDA:62,9,0,322
BRF:10
BRH:10
end_of_record
TN:
SF:src/ErrorBar.tsx
FN:8,ErrorBar
FNF:1
FNH:1
FNDA:4,ErrorBar
DA:1,1
DA:2,1
DA:3,1
DA:4,1
DA:5,1
DA:6,1
DA:7,1
DA:8,1
DA:9,4
DA:10,3
DA:11,3
DA:12,3
DA:13,3
DA:14,3
DA:15,5
DA:16,3
DA:17,3
DA:18,3
DA:19,3
DA:20,3
DA:21,1
DA:22,1
LF:22
LH:22
BRDA:8,0,0,4
BRDA:9,1,0,1
BRDA:9,2,0,3
BRDA:14,3,0,5
BRF:4
BRH:4
end_of_record
TN:
SF:src/ErrorBoundary.tsx
FN:20,getErrorMessage
FN:30,<instance_members_initializer>
FN:30,<static_initializer>
FN:35,getDerivedStateFromError
FN:40,componentDidCatch
FN:48,componentDidUpdate
FN:62,render
FNF:7
FNH:7
FNDA:3,getErrorMessage
FNDA:17,<instance_members_initializer>
FNDA:1,<static_initializer>
FNDA:16,getDerivedStateFromError
FNDA:8,componentDidCatch
FNDA:5,componentDidUpdate
FNDA:38,render
DA:1,1
DA:2,1
DA:3,1
DA:4,1
DA:5,1
DA:6,1
DA:7,1
DA:8,1
DA:9,1
DA:10,1
DA:11,1
DA:12,1
DA:13,1
DA:14,1
DA:15,1
DA:16,1
DA:17,1
DA:18,1
DA:19,1
DA:20,3
DA:21,3
DA:22,3
DA:23,1
DA:24,1
DA:25,3
DA:26,0
DA:27,0
DA:28,3
DA:29,1
DA:30,1
DA:31,1
DA:32,1
DA:33,1
DA:34,1
DA:35,1
DA:36,16
DA:37,16
DA:38,16
DA:39,1
DA:40,1
DA:41,8
DA:42,8
DA:43,8
DA:44,8
DA:45,8
DA:46,8
DA:47,1
DA:48,1
DA:49,5
DA:50,5
DA:51,5
DA:52,4
DA:53,4
DA:54,4
DA:55,3
DA:56,5
DA:57,5
DA:58,2
DA:59,2
DA:60,5
DA:61,1
DA:62,1
DA:63,38
DA:64,19
DA:65,19
DA:66,19
DA:67,38
DA:68,1
DA:69,1
DA:70,1
LF:70
LH:68
BRDA:20,0,0,3
BRDA:21,1,0,1
BRDA:21,2,0,2
BRDA:22,3,0,1
BRDA:25,4,0,0
BRDA:30,5,0,17
BRDA:30,6,0,1
BRDA:35,7,0,16
BRDA:40,8,0,8
BRDA:42,9,0,3
BRDA:48,10,0,5
BRDA:51,11,0,4
BRDA:51,12,0,1
BRDA:51,13,0,4
BRDA:54,14,0,3
BRDA:57,15,0,2
BRDA:57,16,0,2
BRDA:55,17,0,4
BRDA:62,18,0,38
BRDA:63,19,0,19
BRDA:64,20,0,17
BRF:21
BRH:20
end_of_record
TN:
SF:src/StatusIndicator.tsx
FN:8,StatusIndicator
FNF:1
FNH:1
FNDA:89,StatusIndicator
DA:1,1
DA:2,1
DA:3,1
DA:4,1
DA:5,1
DA:6,1
DA:7,1
DA:8,1
DA:9,89
DA:10,89
DA:11,89
DA:12,89
DA:13,89
DA:14,89
DA:15,89
DA:16,89
DA:17,24
DA:18,89
DA:19,89
DA:20,89
DA:21,89
DA:22,35
DA:23,35
DA:24,12
DA:25,35
DA:26,0
DA:27,29
DA:28,0
DA:29,0
DA:30,12
DA:31,89
DA:32,89
DA:33,89
DA:34,89
DA:35,35
DA:36,35
DA:37,0
DA:38,35
DA:39,35
DA:40,35
DA:41,35
DA:42,35
DA:43,35
DA:44,89
DA:45,89
DA:46,89
DA:47,89
DA:48,1
DA:49,1
LF:49
LH:45
BRDA:8,0,0,89
BRDA:46,1,0,0
BRDA:16,2,0,24
BRDA:21,3,0,35
BRDA:23,4,0,23
BRDA:23,5,0,12
BRDA:25,6,0,29
BRDA:25,7,0,0
BRDA:27,8,0,12
BRDA:27,9,0,0
BRDA:34,10,0,35
BRDA:40,11,0,35
BRF:12
BRH:9
end_of_record
TN:
SF:src/serialport.d.ts
FN:1,(empty-report)
FNF:1
FNH:0
FNDA:0,(empty-report)
DA:1,0
DA:2,0
DA:3,0
DA:4,0
DA:5,0
DA:6,0
DA:7,0
DA:8,0
DA:9,0
DA:10,0
DA:11,0
DA:12,0
DA:13,0
DA:14,0
DA:15,0
DA:16,0
DA:17,0
DA:18,0
DA:19,0
DA:20,0
DA:21,0
DA:22,0
DA:23,0
DA:24,0
DA:25,0
DA:26,0
DA:27,0
DA:28,0
LF:28
LH:0
BRDA:1,0,0,0
BRF:1
BRH:0
end_of_record
TN:
SF:src/types.ts
FN:1,(empty-report)
FNF:1
FNH:0
FNDA:0,(empty-report)
DA:1,0
DA:2,0
DA:3,0
DA:4,0
DA:5,0
DA:6,0
DA:7,0
DA:8,0
DA:9,0
DA:10,0
DA:11,0
DA:12,0
DA:13,0
DA:14,0
DA:15,0
DA:16,0
DA:17,0
DA:18,0
DA:19,0
DA:20,0
DA:21,0
DA:22,0
DA:23,0
DA:24,0
DA:25,0
DA:26,0
DA:27,0
LF:27
LH:0
BRDA:1,0,0,0
BRF:1
BRH:0
end_of_record
TN:
SF:src/vite-env.d.ts
FN:1,(empty-report)
FNF:1
FNH:0
FNDA:0,(empty-report)
DA:1,0
LF:1
LH:0
BRDA:1,0,0,0
BRF:1
BRH:0
end_of_record
TN:
SF:src/CustomPrograms/Index.tsx
FN:12,convertToMinutesAndSeconds
FN:53,reducer
FN:86,CustomPrograms
FN:100,loadCustomPrograms
FN:139,loadProgram
FN:154,handleStartStop
FN:187,resetUI
FN:201,onChange
FN:240,onChange
FNF:9
FNH:3
FNDA:0,convertToMinutesAndSeconds
FNDA:13,reducer
FNDA:27,CustomPrograms
FNDA:13,loadCustomPrograms
FNDA:0,loadProgram
FNDA:0,handleStartStop
FNDA:0,resetUI
FNDA:0,onChange
FNDA:0,onChange
DA:1,1
DA:2,1
DA:3,1
DA:4,1
DA:5,1
DA:6,1
DA:7,1
DA:8,1
DA:9,1
DA:10,1
DA:11,1
DA:12,0
DA:13,0
DA:14,0
DA:15,0
DA:16,0
DA:17,1
DA:18,1
DA:19,1
DA:20,1
DA:21,1
DA:22,1
DA:23,1
DA:24,1
DA:25,1
DA:26,1
DA:27,1
DA:28,1
DA:29,1
DA:30,1
DA:31,1
DA:32,1
DA:33,1
DA:34,1
DA:35,1
DA:36,1
DA:37,1
DA:38,1
DA:39,1
DA:40,1
DA:41,1
DA:42,1
DA:43,1
DA:44,1
DA:45,1
DA:46,1
DA:47,1
DA:48,1
DA:49,1
DA:50,1
DA:51,1
DA:52,1
DA:53,1
DA:54,13
DA:55,13
DA:56,0
DA:57,0
DA:58,0
DA:59,0
DA:60,0
DA:61,0
DA:62,13
DA:63,0
DA:64,13
DA:65,0
DA:66,13
DA:67,13
DA:68,13
DA:69,0
DA:70,13
DA:71,0
DA:72,13
DA:73,0
DA:74,13
DA:75,0
DA:76,0
DA:77,0
DA:78,0
DA:79,0
DA:80,0
DA:81,13
DA:82,0
DA:83,13
DA:84,13
DA:85,1
DA:86,1
DA:87,27
DA:88,27
DA:89,27
DA:90,27
DA:91,27
DA:92,27
DA:93,27
DA:94,27
DA:95,13
DA:96,27
DA:97,27
DA:98,27
DA:99,27
DA:100,13
DA:101,13
DA:102,13
DA:103,1
DA:104,0
DA:105,0
DA:106,1
DA:107,1
DA:108,1
DA:109,0
DA:110,0
DA:111,13
DA:112,13
DA:113,13
DA:114,13
DA:115,13
DA:116,27
DA:117,27
DA:118,27
DA:119,27
DA:120,0
DA:121,27
DA:122,27
DA:123,27
DA:124,27
DA:125,13
DA:126,0
DA:127,0
DA:128,0
DA:129,0
DA:130,0
DA:131,0
DA:132,0
DA:133,0
DA:134,27
DA:135,27
DA:136,27
DA:137,27
DA:138,27
DA:139,27
DA:140,0
DA:141,0
DA:142,0
DA:143,0
DA:144,0
DA:145,0
DA:146,0
DA:147,0
DA:148,0
DA:149,0
DA:150,0
DA:151,0
DA:152,27
DA:153,27
DA:154,27
DA:155,0
DA:156,0
DA:157,0
DA:158,0
DA:159,0
DA:160,0
DA:161,0
DA:162,0
DA:163,0
DA:164,0
DA:165,0
DA:166,0
DA:167,0
DA:168,0
DA:169,0
DA:170,0
DA:171,0
DA:172,0
DA:173,0
DA:174,0
DA:175,27
DA:176,27
DA:177,27
DA:178,0
DA:179,0
DA:180,0
DA:181,0
DA:182,0
DA:183,0
DA:184,27
DA:185,27
DA:186,27
DA:187,27
DA:188,0
DA:189,0
DA:190,0
DA:191,0
DA:192,27
DA:193,27
DA:194,27
DA:195,27
DA:196,27
DA:197,27
DA:198,27
DA:199,27
DA:200,27
DA:201,27
DA:202,27
DA:203,27
DA:204,27
DA:205,27
DA:206,27
DA:207,27
DA:208,27
DA:209,27
DA:210,27
DA:211,27
DA:212,27
DA:213,27
DA:214,27
DA:215,27
DA:216,27
DA:217,27
DA:218,27
DA:219,27
DA:220,27
DA:221,27
DA:222,27
DA:223,27
DA:224,27
DA:225,27
DA:226,27
DA:227,27
DA:228,27
DA:229,27
DA:230,27
DA:231,27
DA:232,27
DA:233,27
DA:234,27
DA:235,27
DA:236,27
DA:237,27
DA:238,27
DA:239,27
DA:240,27
DA:241,27
DA:242,27
DA:243,27
DA:244,27
DA:245,27
DA:246,27
DA:247,1
DA:248,1
LF:248
LH:170
BRDA:53,0,0,13
BRDA:55,1,0,0
BRDA:62,2,0,0
BRDA:64,3,0,0
BRDA:68,4,0,0
BRDA:70,5,0,0
BRDA:72,6,0,0
BRDA:74,7,0,0
BRDA:81,8,0,0
BRDA:86,9,0,27
BRDA:196,10,0,11
BRDA:196,11,0,16
BRDA:199,12,0,19
BRDA:209,13,0,0
BRDA:209,14,0,8
BRDA:209,15,0,19
BRDA:211,16,0,11
BRDA:211,17,0,8
BRDA:213,18,0,0
BRDA:213,19,0,8
BRDA:213,20,0,19
BRDA:217,21,0,0
BRDA:227,22,0,0
BRDA:228,23,0,0
BRDA:234,24,0,0
BRDA:94,25,0,13
BRDA:99,26,0,13
BRDA:100,27,0,13
BRDA:102,28,0,1
BRDA:108,29,0,0
BRDA:124,30,0,13
BRDA:125,31,0,0
BRF:32
BRH:16
end_of_record
TN:
SF:src/CustomPrograms/ProgramSelect.tsx
FN:13,formatDuration
FN:18,ProgramSelect
FNF:2
FNH:2
FNDA:6,formatDuration
FNDA:32,ProgramSelect
DA:1,1
DA:2,1
DA:3,1
DA:4,1
DA:5,1
DA:6,1
DA:7,1
DA:8,1
DA:9,1
DA:10,1
DA:11,1
DA:12,1
DA:13,1
DA:14,6
DA:15,6
DA:16,6
DA:17,1
DA:18,1
DA:19,32
DA:20,29
DA:21,29
DA:22,3
DA:23,3
DA:24,3
DA:25,3
DA:26,3
DA:27,6
DA:28,6
DA:29,6
DA:30,3
DA:31,3
DA:32,3
DA:33,3
DA:34,1
DA:35,1
LF:35
LH:35
BRDA:13,0,0,6
BRDA:14,1,0,0
BRDA:14,2,0,0
BRDA:18,3,0,32
BRDA:19,4,0,31
BRDA:19,5,0,29
BRDA:21,6,0,3
BRDA:26,7,0,6
BRF:8
BRH:6
end_of_record
TN:
SF:src/DefaultPrograms/Index.tsx
FN:13,convertToMinutesAndSeconds
FN:62,num
FN:69,clampAndSnap
FN:81,deriveStartIntensity
FN:102,reducer
FN:141,DefaultPrograms
FN:206,applyProgramSlider
FN:258,handleStartStop
FN:288,handlePauseContinue
FN:302,resetUI
FN:330,onChange
FN:373,onChange
FNF:12
FNH:6
FNDA:0,convertToMinutesAndSeconds
FNDA:220,num
FNDA:3,clampAndSnap
FNDA:3,deriveStartIntensity
FNDA:9,reducer
FNDA:71,DefaultPrograms
FNDA:31,applyProgramSlider
FNDA:0,handleStartStop
FNDA:0,handlePauseContinue
FNDA:0,resetUI
FNDA:0,onChange
FNDA:0,onChange
DA:1,1
DA:2,1
DA:3,1
DA:4,1
DA:5,1
DA:6,1
DA:7,1
DA:8,1
DA:9,1
DA:10,1
DA:11,1
DA:12,1
DA:13,0
DA:14,0
DA:15,0
DA:16,0
DA:17,0
DA:18,1
DA:19,1
DA:20,1
DA:21,1
DA:22,1
DA:23,1
DA:24,1
DA:25,1
DA:26,1
DA:27,1
DA:28,1
DA:29,1
DA:30,1
DA:31,1
DA:32,1
DA:33,1
DA:34,1
DA:35,1
DA:36,1
DA:37,1
DA:38,1
DA:39,1
DA:40,1
DA:41,1
DA:42,1
DA:43,1
DA:44,1
DA:45,1
DA:46,1
DA:47,1
DA:48,1
DA:49,1
DA:50,1
DA:51,1
DA:52,1
DA:53,1
DA:54,1
DA:55,1
DA:56,1
DA:57,1
DA:58,1
DA:59,1
DA:60,1
DA:61,1
DA:62,220
DA:63,220
DA:64,220
DA:65,220
DA:66,220
DA:67,1
DA:68,1
DA:69,3
DA:70,3
DA:71,3
DA:72,3
DA:73,3
DA:74,3
DA:75,3
DA:76,3
DA:77,1
DA:78,1
DA:79,1
DA:80,1
DA:81,3
DA:82,3
DA:83,3
DA:84,3
DA:85,3
DA:86,0
DA:87,0
DA:88,0
DA:89,0
DA:90,0
DA:91,3
DA:92,3
DA:93,0
DA:94,0
DA:95,0
DA:96,0
DA:97,0
DA:98,0
DA:99,1
DA:100,1
DA:101,1
DA:102,9
DA:103,9
DA:104,9
DA:105,0
DA:106,9
DA:107,0
DA:108,9
DA:109,0
DA:110,9
DA:111,0
DA:112,9
DA:113,3
DA:114,9
DA:115,3
DA:116,9
DA:117,0
DA:118,9
DA:119,0
DA:120,9
DA:121,3
DA:122,3
DA:123,3
DA:124,3
DA:125,3
DA:126,3
DA:127,3
DA:128,9
DA:129,0
DA:130,0
DA:131,0
DA:132,0
DA:133,0
DA:134,9
DA:135,0
DA:136,9
DA:137,9
DA:138,1
DA:139,1
DA:140,1
DA:141,1
DA:142,71
DA:143,71
DA:144,71
DA:145,71
DA:146,71
DA:147,71
DA:148,71
DA:149,28
DA:150,28
DA:151,16
DA:152,16
DA:153,208
DA:154,208
DA:155,16
DA:156,16
DA:157,17
DA:158,0
DA:159,0
DA:160,71
DA:161,71
DA:162,71
DA:163,28
DA:164,71
DA:165,71
DA:166,71
DA:167,71
DA:168,34
DA:169,3
DA:170,3
DA:171,3
DA:172,71
DA:173,71
DA:174,71
DA:175,28
DA:176,71
DA:177,71
DA:178,71
DA:179,71
DA:180,0
DA:181,0
DA:182,0
DA:183,0
DA:184,71
DA:185,71
DA:186,71
DA:187,71
DA:188,71
DA:189,0
DA:190,0
DA:191,0
DA:192,0
DA:193,0
DA:194,0
DA:195,0
DA:196,0
DA:197,0
DA:198,0
DA:199,0
DA:200,0
DA:201,71
DA:202,71
DA:203,71
DA:204,71
DA:205,71
DA:206,31
DA:207,31
DA:208,3
DA:209,3
DA:210,3
DA:211,3
DA:212,3
DA:213,3
DA:214,3
DA:215,3
DA:216,3
DA:217,3
DA:218,3
DA:219,3
DA:220,3
DA:221,3
DA:222,3
DA:223,3
DA:224,3
DA:225,3
DA:226,3
DA:227,3
DA:228,3
DA:229,3
DA:230,3
DA:231,3
DA:232,3
DA:233,3
DA:234,3
DA:235,3
DA:236,3
DA:237,3
DA:238,20
DA:239,0
DA:240,0
DA:241,31
DA:242,0
DA:243,0
DA:244,0
DA:245,0
DA:246,0
DA:247,0
DA:248,0
DA:249,0
DA:250,0
DA:251,0
DA:252,0
DA:253,31
DA:254,31
DA:255,31
DA:256,71
DA:257,71
DA:258,71
DA:259,0
DA:260,0
DA:261,0
DA:262,0
DA:263,0
DA:264,0
DA:265,0
DA:266,0
DA:267,0
DA:268,0
DA:269,0
DA:270,0
DA:271,0
DA:272,0
DA:273,0
DA:274,0
DA:275,0
DA:276,0
DA:277,0
DA:278,0
DA:279,0
DA:280,0
DA:281,0
DA:282,0
DA:283,0
DA:284,0
DA:285,0
DA:286,0
DA:287,71
DA:288,71
DA:289,0
DA:290,0
DA:291,0
DA:292,0
DA:293,0
DA:294,0
DA:295,0
DA:296,0
DA:297,0
DA:298,0
DA:299,0
DA:300,0
DA:301,71
DA:302,71
DA:303,0
DA:304,0
DA:305,0
DA:306,0
DA:307,71
DA:308,71
DA:309,28
DA:310,28
DA:311,28
DA:312,28
DA:313,0
DA:314,28
DA:315,28
DA:316,28
DA:317,71
DA:318,71
DA:319,71
DA:320,71
DA:321,71
DA:322,71
DA:323,71
DA:324,71
DA:325,71
DA:326,71
DA:327,71
DA:328,71
DA:329,71
DA:330,71
DA:331,71
DA:332,71
DA:333,71
DA:334,71
DA:335,71
DA:336,71
DA:337,71
DA:338,71
DA:339,71
DA:340,71
DA:341,71
DA:342,71
DA:343,71
DA:344,71
DA:345,71
DA:346,71
DA:347,71
DA:348,71
DA:349,71
DA:350,71
DA:351,71
DA:352,71
DA:353,71
DA:354,71
DA:355,71
DA:356,0
DA:357,71
DA:358,71
DA:359,71
DA:360,71
DA:361,71
DA:362,71
DA:363,71
DA:364,71
DA:365,71
DA:366,71
DA:367,71
DA:368,71
DA:369,71
DA:370,71
DA:371,71
DA:372,71
DA:373,71
DA:374,0
DA:375,0
DA:376,0
DA:377,0
DA:378,0
DA:379,0
DA:380,0
DA:381,0
DA:382,0
DA:383,0
DA:384,0
DA:385,0
DA:386,0
DA:387,0
DA:388,0
DA:389,0
DA:390,0
DA:391,0
DA:392,0
DA:393,0
DA:394,0
DA:395,0
DA:396,71
DA:397,71
DA:398,71
DA:399,71
DA:400,71
DA:401,71
DA:402,1
DA:403,1
LF:403
LH:276
BRDA:62,0,0,220
BRDA:63,1,0,0
BRDA:64,2,0,0
BRDA:65,3,0,0
BRDA:69,4,0,3
BRDA:72,5,0,0
BRDA:81,6,0,3
BRDA:84,7,0,0
BRDA:85,8,0,0
BRDA:91,9,0,0
BRDA:92,10,0,0
BRDA:102,11,0,9
BRDA:104,12,0,0
BRDA:106,13,0,0
BRDA:108,14,0,0
BRDA:110,15,0,0
BRDA:112,16,0,3
BRDA:114,17,0,3
BRDA:116,18,0,0
BRDA:118,19,0,0
BRDA:120,20,0,3
BRDA:128,21,0,0
BRDA:134,22,0,0
BRDA:141,23,0,71
BRDA:325,24,0,15
BRDA:325,25,0,56
BRDA:328,26,0,68
BRDA:336,27,0,0
BRDA:336,28,0,3
BRDA:336,29,0,68
BRDA:338,30,0,15
BRDA:338,31,0,67
BRDA:338,32,0,7
BRDA:340,33,0,0
BRDA:340,34,0,3
BRDA:340,35,0,68
BRDA:344,36,0,0
BRDA:351,37,0,0
BRDA:355,38,0,0
BRDA:360,39,0,0
BRDA:366,40,0,0
BRDA:148,41,0,28
BRDA:150,42,0,17
BRDA:150,43,0,16
BRDA:157,44,0,0
BRDA:152,45,0,208
BRDA:162,46,0,28
BRDA:167,47,0,34
BRDA:168,48,0,6
BRDA:168,49,0,3
BRDA:174,50,0,28
BRDA:205,51,0,31
BRDA:206,52,0,31
BRDA:207,53,0,28
BRDA:207,54,0,20
BRDA:207,55,0,3
BRDA:211,56,0,0
BRDA:211,57,0,3
BRDA:238,58,0,0
BRDA:241,59,0,0
BRDA:308,60,0,28
BRDA:309,61,0,28
BRDA:310,62,0,0
BRF:63
BRH:35
end_of_record
TN:
SF:src/DefaultPrograms/ProgramSelect.tsx
FN:13,formatDuration
FN:18,ProgramSelect
FNF:2
FNH:2
FNDA:214,formatDuration
FNDA:76,ProgramSelect
DA:1,1
DA:2,1
DA:3,1
DA:4,1
DA:5,1
DA:6,1
DA:7,1
DA:8,1
DA:9,1
DA:10,1
DA:11,1
DA:12,1
DA:13,1
DA:14,214
DA:15,214
DA:16,214
DA:17,1
DA:18,1
DA:19,76
DA:20,57
DA:21,57
DA:22,19
DA:23,19
DA:24,19
DA:25,19
DA:26,19
DA:27,214
DA:28,214
DA:29,214
DA:30,19
DA:31,19
DA:32,19
DA:33,19
DA:34,1
DA:35,1
LF:35
LH:35
BRDA:13,0,0,214
BRDA:14,1,0,0
BRDA:14,2,0,0
BRDA:18,3,0,76
BRDA:19,4,0,75
BRDA:19,5,0,57
BRDA:21,6,0,19
BRDA:26,7,0,214
BRF:8
BRH:6
end_of_record
TN:
SF:src/ProgramEditor/index.tsx
FN:14,ProgramEditor
FN:24,loadCustomPrograms
FN:43,handleAddRow
FN:49,handleDeleteRow
FN:56,handleInputChange
FN:68,handleSave
FN:103,handleLoadProgram
FN:123,onChange
FN:138,onChange
FN:146,onChange
FN:173,onChange
FN:182,onChange
FN:197,onClick
FNF:13
FNH:11
FNDA:74,ProgramEditor
FNDA:15,loadCustomPrograms
FNDA:2,handleAddRow
FNDA:1,handleDeleteRow
FNDA:15,handleInputChange
FNDA:1,handleSave
FNDA:0,handleLoadProgram
FNDA:0,onChange
FNDA:19,onChange
FNDA:3,onChange
FNDA:14,onChange
FNDA:1,onChange
FNDA:1,onClick
DA:1,1
DA:2,1
DA:3,1
DA:4,1
DA:5,1
DA:6,1
DA:7,1
DA:8,1
DA:9,1
DA:10,1
DA:11,1
DA:12,1
DA:13,1
DA:14,1
DA:15,74
DA:16,74
DA:17,74
DA:18,74
DA:19,74
DA:20,74
DA:21,74
DA:22,74
DA:23,74
DA:24,15
DA:25,15
DA:26,2
DA:27,2
DA:28,15
DA:29,15
DA:30,74
DA:31,74
DA:32,74
DA:33,18
DA:34,3
DA:35,3
DA:36,3
DA:37,3
DA:38,18
DA:39,15
DA:40,15
DA:41,74
DA:42,74
DA:43,74
DA:44,2
DA:45,2
DA:46,2
DA:47,2
DA:48,74
DA:49,74
DA:50,1
DA:51,1
DA:52,1
DA:53,1
DA:54,1
DA:55,74
DA:56,74
DA:57,15
DA:58,15
DA:59,15
DA:60,15
DA:61,15
DA:62,15
DA:63,15
DA:64,15
DA:65,15
DA:66,74
DA:67,74
DA:68,74
DA:69,1
DA:70,1
DA:71,1
DA:72,1
DA:73,1
DA:74,1
DA:75,1
DA:76,1
DA:77,1
DA:78,1
DA:79,1
DA:80,1
DA:81,1
DA:82,1
DA:83,1
DA:84,1
DA:85,1
DA:86,1
DA:87,1
DA:88,1
DA:89,1
DA:90,1
DA:91,1
DA:92,1
DA:93,0
DA:94,0
DA:95,0
DA:96,0
DA:97,0
DA:98,0
DA:99,0
DA:100,0
DA:101,1
DA:102,74
DA:103,74
DA:104,0
DA:105,0
DA:106,0
DA:107,0
DA:108,0
DA:109,0
DA:110,0
DA:111,0
DA:112,0
DA:113,0
DA:114,0
DA:115,0
DA:116,0
DA:117,74
DA:118,74
DA:119,74
DA:120,74
DA:121,74
DA:122,74
DA:123,74
DA:124,74
DA:125,74
DA:126,0
DA:127,74
DA:128,74
DA:129,74
DA:130,74
DA:131,74
DA:132,74
DA:133,74
DA:134,74
DA:135,74
DA:136,74
DA:137,74
DA:138,74
DA:139,74
DA:140,74
DA:141,74
DA:142,74
DA:143,74
DA:144,74
DA:145,74
DA:146,74
DA:147,74
DA:148,74
DA:149,74
DA:150,74
DA:151,74
DA:152,74
DA:153,74
DA:154,74
DA:155,74
DA:156,74
DA:157,74
DA:158,74
DA:159,74
DA:160,74
DA:161,74
DA:162,74
DA:163,74
DA:164,74
DA:165,79
DA:166,79
DA:167,79
DA:168,79
DA:169,79
DA:170,79
DA:171,79
DA:172,79
DA:173,79
DA:174,79
DA:175,79
DA:176,79
DA:177,79
DA:178,79
DA:179,79
DA:180,79
DA:181,79
DA:182,79
DA:183,79
DA:184,79
DA:185,79
DA:186,79
DA:187,79
DA:188,68
DA:189,68
DA:190,68
DA:191,79
DA:192,79
DA:193,79
DA:194,79
DA:195,2
DA:196,2
DA:197,2
DA:198,2
DA:199,2
DA:200,2
DA:201,2
DA:202,79
DA:203,79
DA:204,79
DA:205,74
DA:206,74
DA:207,74
DA:208,74
DA:209,74
DA:210,74
DA:211,74
DA:212,74
DA:213,74
DA:214,74
DA:215,1
DA:216,1
LF:216
LH:194
BRDA:14,0,0,74
BRDA:153,1,0,6
BRDA:153,2,0,68
BRDA:158,3,0,6
BRDA:158,4,0,68
BRDA:23,5,0,15
BRDA:24,6,0,15
BRDA:25,7,0,2
BRDA:32,8,0,18
BRDA:33,9,0,3
BRDA:38,10,0,15
BRDA:43,11,0,2
BRDA:49,12,0,1
BRDA:51,13,0,2
BRDA:56,14,0,15
BRDA:60,15,0,0
BRDA:68,16,0,1
BRDA:69,17,0,0
BRDA:92,18,0,0
BRDA:74,19,0,1
BRDA:76,20,0,0
BRDA:80,21,0,1
BRDA:138,22,0,19
BRDA:146,23,0,3
BRDA:164,24,0,79
BRDA:174,25,0,9
BRDA:174,26,0,6
BRDA:174,27,0,3
BRDA:174,28,0,70
BRDA:187,29,0,70
BRDA:187,30,0,68
BRDA:194,31,0,70
BRDA:194,32,0,2
BRDA:173,33,0,14
BRDA:182,34,0,1
BRDA:197,35,0,1
BRF:36
BRH:32
end_of_record
TN:
SF:src/components/MatrixRain.tsx
FN:1,(empty-report)
FNF:1
FNH:0
FNDA:0,(empty-report)
DA:1,0
DA:2,0
DA:3,0
DA:4,0
DA:5,0
DA:6,0
DA:7,0
DA:8,0
DA:9,0
DA:10,0
DA:11,0
DA:12,0
DA:13,0
DA:14,0
DA:15,0
DA:16,0
DA:17,0
DA:18,0
DA:19,0
DA:20,0
DA:21,0
DA:22,0
DA:23,0
DA:24,0
DA:25,0
DA:26,0
DA:27,0
DA:28,0
DA:29,0
DA:30,0
DA:31,0
DA:32,0
DA:33,0
DA:34,0
DA:35,0
DA:36,0
DA:37,0
DA:38,0
DA:39,0
DA:40,0
DA:41,0
DA:42,0
DA:43,0
DA:44,0
DA:45,0
DA:46,0
DA:47,0
DA:48,0
DA:49,0
DA:50,0
DA:51,0
DA:52,0
DA:53,0
DA:54,0
DA:55,0
DA:56,0
DA:57,0
DA:58,0
DA:59,0
DA:60,0
DA:61,0
DA:62,0
DA:63,0
DA:64,0
DA:65,0
DA:66,0
DA:67,0
DA:68,0
DA:69,0
DA:70,0
DA:71,0
DA:72,0
DA:73,0
DA:74,0
DA:75,0
DA:76,0
DA:77,0
DA:78,0
DA:79,0
DA:80,0
DA:81,0
DA:82,0
DA:83,0
DA:84,0
DA:85,0
DA:86,0
LF:86
LH:0
BRDA:1,0,0,0
BRF:1
BRH:0
end_of_record
TN:
SF:src/util/AppDatabase.ts
FN:70,b2n
FN:71,n2b
FN:74,num
FN:81,maybeBoolToDB
FN:92,<instance_members_initializer>
FN:99,AppDatabase
FN:130,isOldFormat
FN:139,isNewFormat
FN:151,ensurePreloaded
FN:157,preloadDefaults
FN:272,resetData
FN:277,clearDatabase
FN:288,loadData
FN:301,saveData
FN:363,getDefaultPrograms
FN:374,getCustomPrograms
FN:385,testForProgram
FNF:17
FNH:15
FNDA:911,b2n
FNDA:22,n2b
FNDA:3643,num
FNDA:9,maybeBoolToDB
FNDA:76,<instance_members_initializer>
FNDA:76,AppDatabase
FNDA:387,isOldFormat
FNDA:0,isNewFormat
FNDA:111,ensurePreloaded
FNDA:83,preloadDefaults
FNDA:0,resetData
FNDA:1,clearDatabase
FNDA:14,loadData
FNDA:11,saveData
FNDA:22,getDefaultPrograms
FNDA:29,getCustomPrograms
FNDA:1,testForProgram
DA:1,1
DA:2,1
DA:3,1
DA:4,1
DA:5,1
DA:6,1
DA:7,1
DA:8,1
DA:9,1
DA:10,1
DA:11,1
DA:12,1
DA:13,1
DA:14,1
DA:15,1
DA:16,1
DA:17,1
DA:18,1
DA:19,1
DA:20,1
DA:21,1
DA:22,1
DA:23,1
DA:24,1
DA:25,1
DA:26,1
DA:27,1
DA:28,1
DA:29,1
DA:30,1
DA:31,1
DA:32,1
DA:33,1
DA:34,1
DA:35,1
DA:36,1
DA:37,1
DA:38,1
DA:39,1
DA:40,1
DA:41,1
DA:42,1
DA:43,1
DA:44,1
DA:45,1
DA:46,1
DA:47,1
DA:48,1
DA:49,1
DA:50,1
DA:51,1
DA:52,1
DA:53,1
DA:54,1
DA:55,1
DA:56,1
DA:57,1
DA:58,1
DA:59,1
DA:60,1
DA:61,1
DA:62,1
DA:63,1
DA:64,1
DA:65,1
DA:66,1
DA:67,1
DA:68,1
DA:69,1
DA:70,1
DA:71,1
DA:72,1
DA:73,1
DA:74,3643
DA:75,3643
DA:76,3643
DA:77,3643
DA:78,3643
DA:79,1
DA:80,1
DA:81,9
DA:82,9
DA:83,9
DA:84,4
DA:85,4
DA:86,4
DA:87,4
DA:88,4
DA:89,0
DA:90,0
DA:91,1
DA:92,1
DA:93,76
DA:94,76
DA:95,76
DA:96,76
DA:97,76
DA:98,76
DA:99,76
DA:100,76
DA:101,76
DA:102,76
DA:103,76
DA:104,76
DA:105,76
DA:106,76
DA:107,76
DA:108,76
DA:109,76
DA:110,76
DA:111,76
DA:112,76
DA:113,76
DA:114,0
DA:115,0
DA:116,0
DA:117,0
DA:118,0
DA:119,0
DA:120,0
DA:121,0
DA:122,0
DA:123,0
DA:124,76
DA:125,76
DA:126,76
DA:127,76
DA:128,76
DA:129,76
DA:130,76
DA:131,387
DA:132,387
DA:133,387
DA:134,387
DA:135,387
DA:136,387
DA:137,387
DA:138,76
DA:139,76
DA:140,0
DA:141,0
DA:142,0
DA:143,0
DA:144,0
DA:145,0
DA:146,0
DA:147,0
DA:148,0
DA:149,76
DA:150,76
DA:151,76
DA:152,111
DA:153,74
DA:154,111
DA:155,76
DA:156,76
DA:157,76
DA:158,83
DA:159,63
DA:160,63
DA:161,63
DA:162,63
DA:163,63
DA:164,0
DA:165,63
DA:166,63
DA:167,63
DA:168,63
DA:169,63
DA:170,40
DA:171,387
DA:172,387
DA:173,387
DA:174,387
DA:175,387
DA:176,387
DA:177,387
DA:178,387
DA:179,0
DA:180,387
DA:181,387
DA:182,12628
DA:183,12628
DA:184,12628
DA:185,387
DA:186,387
DA:187,387
DA:188,387
DA:189,387
DA:190,387
DA:191,387
DA:192,387
DA:193,387
DA:194,387
DA:195,387
DA:196,387
DA:197,387
DA:198,387
DA:199,387
DA:200,387
DA:201,387
DA:202,387
DA:203,387
DA:204,387
DA:205,387
DA:206,387
DA:207,387
DA:208,387
DA:209,387
DA:210,387
DA:211,271
DA:212,387
DA:213,108
DA:214,108
DA:215,387
DA:216,387
DA:217,0
DA:218,0
DA:219,0
DA:220,0
DA:221,0
DA:222,0
DA:223,0
DA:224,0
DA:225,0
DA:226,0
DA:227,0
DA:228,0
DA:229,0
DA:230,0
DA:231,0
DA:232,0
DA:233,0
DA:234,0
DA:235,0
DA:236,0
DA:237,0
DA:238,0
DA:239,0
DA:240,0
DA:241,0
DA:242,0
DA:243,0
DA:244,0
DA:245,0
DA:246,0
DA:247,0
DA:248,0
DA:249,0
DA:250,0
DA:251,0
DA:252,0
DA:253,0
DA:254,0
DA:255,0
DA:256,0
DA:257,0
DA:258,387
DA:259,63
DA:260,30
DA:261,30
DA:262,40
DA:263,0
DA:264,40
DA:265,30
DA:266,30
DA:267,63
DA:268,63
DA:269,63
DA:270,83
DA:271,76
DA:272,76
DA:273,0
DA:274,0
DA:275,76
DA:276,76
DA:277,76
DA:278,1
DA:279,1
DA:280,1
DA:281,1
DA:282,1
DA:283,1
DA:284,0
DA:285,0
DA:286,1
DA:287,76
DA:288,76
DA:289,14
DA:290,14
DA:291,14
DA:292,14
DA:293,13
DA:294,14
DA:295,1
DA:296,1
DA:297,1
DA:298,14
DA:299,76
DA:300,76
DA:301,76
DA:302,11
DA:303,11
DA:304,11
DA:305,11
DA:306,11
DA:307,11
DA:308,11
DA:309,11
DA:310,11
DA:311,11
DA:312,11
DA:313,11
DA:314,11
DA:315,11
DA:316,11
DA:317,11
DA:318,11
DA:319,11
DA:320,11
DA:321,11
DA:322,11
DA:323,11
DA:324,11
DA:325,11
DA:326,11
DA:327,11
DA:328,11
DA:329,11
DA:330,11
DA:331,11
DA:332,11
DA:333,11
DA:334,11
DA:335,11
DA:336,11
DA:337,1
DA:338,10
DA:339,11
DA:340,11
DA:341,11
DA:342,11
DA:343,11
DA:344,11
DA:345,11
DA:346,11
DA:347,11
DA:348,11
DA:349,11
DA:350,11
DA:351,11
DA:352,10
DA:353,0
DA:354,10
DA:355,10
DA:356,10
DA:357,11
DA:358,0
DA:359,0
DA:360,0
DA:361,11
DA:362,76
DA:363,76
DA:364,22
DA:365,22
DA:366,22
DA:367,22
DA:368,22
DA:369,0
DA:370,0
DA:371,0
DA:372,22
DA:373,76
DA:374,76
DA:375,29
DA:376,29
DA:377,8
DA:378,4
DA:379,17
DA:380,0
DA:381,0
DA:382,0
DA:383,29
DA:384,76
DA:385,76
DA:386,1
DA:387,1
DA:388,1
DA:389,1
DA:390,0
DA:391,0
DA:392,0
DA:393,1
DA:394,76
LF:394
LH:312
BRDA:70,0,0,911
BRDA:70,1,0,569
BRDA:70,2,0,342
BRDA:71,3,0,22
BRDA:74,4,0,3643
BRDA:75,5,0,210
BRDA:75,6,0,3433
BRDA:76,7,0,0
BRDA:76,8,0,3433
BRDA:77,9,0,3433
BRDA:77,10,0,0
BRDA:81,11,0,9
BRDA:82,12,0,3
BRDA:82,13,0,6
BRDA:83,14,0,2
BRDA:83,15,0,1
BRDA:83,16,0,1
BRDA:83,17,0,4
BRDA:86,18,0,3
BRDA:86,19,0,2
BRDA:87,20,0,1
BRDA:87,21,0,2
BRDA:88,22,0,0
BRDA:92,23,0,76
BRDA:99,24,0,76
BRDA:130,25,0,387
BRDA:131,26,0,0
BRDA:134,27,0,0
BRDA:135,28,0,0
BRDA:151,29,0,111
BRDA:152,30,0,110
BRDA:152,31,0,37
BRDA:152,32,0,93
BRDA:152,33,0,74
BRDA:153,34,0,40
BRDA:157,35,0,83
BRDA:158,36,0,20
BRDA:158,37,0,63
BRDA:160,38,0,63
BRDA:163,39,0,0
BRDA:259,40,0,40
BRDA:259,41,0,30
BRDA:262,42,0,0
BRDA:264,43,0,30
BRDA:169,44,0,40
BRDA:170,45,0,387
BRDA:178,46,0,0
BRDA:200,47,0,345
BRDA:200,48,0,42
BRDA:201,49,0,88
BRDA:201,50,0,299
BRDA:202,51,0,88
BRDA:202,52,0,299
BRDA:203,53,0,88
BRDA:203,54,0,299
BRDA:204,55,0,88
BRDA:204,56,0,299
BRDA:205,57,0,112
BRDA:205,58,0,275
BRDA:209,59,0,379
BRDA:210,60,0,271
BRDA:211,61,0,269
BRDA:212,62,0,108
BRDA:216,63,0,0
BRDA:258,64,0,30
BRDA:181,65,0,12628
BRDA:277,66,0,1
BRDA:283,67,0,0
BRDA:279,68,0,1
BRDA:288,69,0,14
BRDA:292,70,0,1
BRDA:292,71,0,13
BRDA:294,72,0,1
BRDA:301,73,0,11
BRDA:322,74,0,0
BRDA:333,75,0,1
BRDA:333,76,0,10
BRDA:334,77,0,1
BRDA:334,78,0,10
BRDA:335,79,0,1
BRDA:335,80,0,10
BRDA:336,81,0,1
BRDA:337,82,0,0
BRDA:337,83,0,10
BRDA:339,84,0,0
BRDA:341,85,0,0
BRDA:342,86,0,0
BRDA:343,87,0,0
BRDA:344,88,0,0
BRDA:345,89,0,9
BRDA:345,90,0,2
BRDA:351,91,0,10
BRDA:352,92,0,0
BRDA:357,93,0,0
BRDA:363,94,0,22
BRDA:368,95,0,0
BRDA:374,96,0,29
BRDA:376,97,0,17
BRDA:376,98,0,8
BRDA:377,99,0,4
BRDA:379,100,0,0
BRDA:378,101,0,1
BRDA:385,102,0,1
BRDA:389,103,0,0
BRF:104
BRH:81
end_of_record
TN:
SF:src/util/HoylandController.ts
FN:5,<instance_members_initializer>
FN:13,HoylandController
FN:18,setEventCallback
FN:22,emit
FN:33,sleep
FN:37,invokeCmd
FN:67,reconnectDevice
FN:99,sinewave
FN:104,setBothChannelsToSquareWave
FN:109,sync
FN:114,sendInitialCommands
FN:118,sendSecondaryCommands
FN:123,setFrequency
FN:135,setAmplitude
FN:147,stopAndReset
FNF:15
FNH:10
FNDA:75,<instance_members_initializer>
FNDA:75,HoylandController
FNDA:1,setEventCallback
FNDA:37,emit
FNDA:31,sleep
FNDA:37,invokeCmd
FNDA:18,reconnectDevice
FNDA:0,sinewave
FNDA:0,setBothChannelsToSquareWave
FNDA:1,sync
FNDA:0,sendInitialCommands
FNDA:0,sendSecondaryCommands
FNDA:2,setFrequency
FNDA:2,setAmplitude
FNDA:0,stopAndReset
DA:1,1
DA:2,1
DA:3,1
DA:4,1
DA:5,1
DA:6,75
DA:7,75
DA:8,75
DA:9,75
DA:10,75
DA:11,75
DA:12,75
DA:13,75
DA:14,75
DA:15,75
DA:16,75
DA:17,75
DA:18,75
DA:19,1
DA:20,1
DA:21,75
DA:22,75
DA:23,37
DA:24,31
DA:25,31
DA:26,31
DA:27,3
DA:28,28
DA:29,31
DA:30,31
DA:31,37
DA:32,75
DA:33,75
DA:34,31
DA:35,31
DA:36,75
DA:37,75
DA:38,37
DA:39,37
DA:40,37
DA:41,37
DA:42,37
DA:43,37
DA:44,35
DA:45,35
DA:46,37
DA:47,2
DA:48,2
DA:49,2
DA:50,2
DA:51,1
DA:52,1
DA:53,2
DA:54,2
DA:55,1
DA:56,1
DA:57,1
DA:58,1
DA:59,1
DA:60,1
DA:61,1
DA:62,1
DA:63,1
DA:64,37
DA:65,75
DA:66,75
DA:67,75
DA:68,18
DA:69,18
DA:70,18
DA:71,18
DA:72,18
DA:73,18
DA:74,18
DA:75,18
DA:76,17
DA:77,18
DA:78,18
DA:79,3
DA:80,3
DA:81,3
DA:82,13
DA:83,18
DA:84,1
DA:85,1
DA:86,14
DA:87,14
DA:88,14
DA:89,14
DA:90,18
DA:91,18
DA:92,18
DA:93,18
DA:94,0
DA:95,0
DA:96,0
DA:97,18
DA:98,75
DA:99,75
DA:100,0
DA:101,0
DA:102,0
DA:103,75
DA:104,75
DA:105,0
DA:106,0
DA:107,0
DA:108,75
DA:109,75
DA:110,1
DA:111,1
DA:112,1
DA:113,75
DA:114,75
DA:115,0
DA:116,0
DA:117,75
DA:118,75
DA:119,0
DA:120,0
DA:121,75
DA:122,75
DA:123,75
DA:124,2
DA:125,2
DA:126,2
DA:127,2
DA:128,75
DA:129,75
DA:130,75
DA:131,75
DA:132,75
DA:133,75
DA:134,75
DA:135,75
DA:136,2
DA:137,2
DA:138,2
DA:139,2
DA:140,2
DA:141,2
DA:142,2
DA:143,2
DA:144,2
DA:145,2
DA:146,75
DA:147,75
DA:148,0
DA:149,0
DA:150,75
LF:150
LH:135
BRDA:5,0,0,75
BRDA:13,1,0,75
BRDA:15,2,0,70
BRDA:18,3,0,1
BRDA:22,4,0,37
BRDA:23,5,0,31
BRDA:26,6,0,3
BRDA:27,7,0,28
BRDA:28,8,0,27
BRDA:33,9,0,31
BRDA:34,10,0,31
BRDA:37,11,0,37
BRDA:43,12,0,35
BRDA:46,13,0,2
BRDA:47,14,0,0
BRDA:47,15,0,0
BRDA:50,16,0,1
BRDA:51,17,0,1
BRDA:54,18,0,1
BRDA:54,19,0,1
BRDA:54,20,0,1
BRDA:67,21,0,18
BRDA:75,22,0,17
BRDA:76,23,0,16
BRDA:77,24,0,3
BRDA:77,25,0,13
BRDA:78,26,0,3
BRDA:81,27,0,13
BRDA:83,28,0,17
BRDA:83,29,0,1
BRDA:85,30,0,14
BRDA:90,31,0,1
BRDA:90,32,0,13
BRDA:93,33,0,0
BRDA:109,34,0,1
BRDA:111,35,0,0
BRDA:123,36,0,2
BRDA:135,37,0,2
BRDA:136,38,0,1
BRDA:136,39,0,1
BRDA:137,40,0,1
BRDA:137,41,0,1
BRF:42
BRH:38
end_of_record
TN:
SF:src/util/ProgramRunner.ts
FN:8,asBool
FN:9,sleep
FN:12,num
FN:17,clampAndSnap
FN:25,<instance_members_initializer>
FN:39,ProgramRunner
FN:48,loadProgram
FN:52,setProgressCallback
FN:53,setOnStopCallback
FN:56,sendAmp
FN:71,setIntensity
FN:77,reportProgress
FN:86,applyCurrentIntensity
FN:100,runSpecialCase
FN:108,update
FN:138,initializeChannel1
FN:139,initializeChannel0
FN:141,setChannel1StartFrequency
FN:148,startProgram
FN:231,condition
FN:232,condition
FN:271,pauseProgram
FN:277,resumeProgram
FN:283,stopProgram
FNF:24
FNH:21
FNDA:15,asBool
FNDA:1281,sleep
FNDA:21,num
FNDA:7,clampAndSnap
FNDA:79,<instance_members_initializer>
FNDA:79,ProgramRunner
FNDA:9,loadProgram
FNDA:0,setProgressCallback
FNDA:1,setOnStopCallback
FNDA:11,sendAmp
FNDA:2,setIntensity
FNDA:208,reportProgress
FNDA:8,applyCurrentIntensity
FNDA:1,runSpecialCase
FNDA:3,update
FNDA:0,initializeChannel1
FNDA:0,initializeChannel0
FNDA:1,setChannel1StartFrequency
FNDA:8,startProgram
FNDA:22,condition
FNDA:1001,condition
FNDA:1,pauseProgram
FNDA:1,resumeProgram
FNDA:8,stopProgram
DA:1,1
DA:2,1
DA:3,1
DA:4,1
DA:5,1
DA:6,1
DA:7,1
DA:8,1
DA:9,1
DA:10,1
DA:11,1
DA:12,1
DA:13,21
DA:14,21
DA:15,21
DA:16,21
DA:17,1
DA:18,7
DA:19,7
DA:20,7
DA:21,7
DA:22,7
DA:23,7
DA:24,1
DA:25,1
DA:26,79
DA:27,79
DA:28,79
DA:29,79
DA:30,79
DA:31,79
DA:32,79
DA:33,79
DA:34,79
DA:35,79
DA:36,79
DA:37,79
DA:38,79
DA:39,79
DA:40,79
DA:41,79
DA:42,79
DA:43,79
DA:44,79
DA:45,79
DA:46,79
DA:47,79
DA:48,79
DA:49,9
DA:50,9
DA:51,79
DA:52,79
DA:53,79
DA:54,79
DA:55,79
DA:56,79
DA:57,11
DA:58,11
DA:59,11
DA:60,11
DA:61,10
DA:62,11
DA:63,1
DA:64,1
DA:65,11
DA:66,79
DA:67,79
DA:68,79
DA:69,79
DA:70,79
DA:71,79
DA:72,2
DA:73,2
DA:74,2
DA:75,2
DA:76,79
DA:77,79
DA:78,208
DA:79,208
DA:80,79
DA:81,79
DA:82,79
DA:83,79
DA:84,79
DA:85,79
DA:86,79
DA:87,8
DA:88,8
DA:89,7
DA:90,7
DA:91,7
DA:92,7
DA:93,7
DA:94,8
DA:95,8
DA:96,8
DA:97,8
DA:98,79
DA:99,79
DA:100,79
DA:101,1
DA:102,1
DA:103,1
DA:104,1
DA:105,1
DA:106,1
DA:107,1
DA:108,1
DA:109,3
DA:110,3
DA:111,3
DA:112,2
DA:113,2
DA:114,2
DA:115,3
DA:116,1
DA:117,1
DA:118,1
DA:119,3
DA:120,3
DA:121,3
DA:122,3
DA:123,3
DA:124,3
DA:125,3
DA:126,3
DA:127,3
DA:128,3
DA:129,3
DA:130,3
DA:131,3
DA:132,1
DA:133,1
DA:134,1
DA:135,1
DA:136,1
DA:137,79
DA:138,79
DA:139,79
DA:140,79
DA:141,79
DA:142,1
DA:143,1
DA:144,1
DA:145,1
DA:146,1
DA:147,79
DA:148,79
DA:149,8
DA:150,8
DA:151,8
DA:152,8
DA:153,8
DA:154,8
DA:155,8
DA:156,8
DA:157,8
DA:158,8
DA:159,8
DA:160,8
DA:161,8
DA:162,216
DA:163,206
DA:164,206
DA:165,206
DA:166,206
DA:167,206
DA:168,211
DA:169,211
DA:170,8
DA:171,8
DA:172,8
DA:173,8
DA:174,8
DA:175,8
DA:176,1
DA:177,1
DA:178,1
DA:179,1
DA:180,1
DA:181,1
DA:182,1
DA:183,1
DA:184,8
DA:185,7
DA:186,7
DA:187,7
DA:188,6
DA:189,7
DA:190,7
DA:191,7
DA:192,6
DA:193,2
DA:194,2
DA:195,6
DA:196,3
DA:197,3
DA:198,6
DA:199,7
DA:200,7
DA:201,7
DA:202,7
DA:203,7
DA:204,0
DA:205,0
DA:206,0
DA:207,7
DA:208,7
DA:209,7
DA:210,7
DA:211,7
DA:212,7
DA:213,7
DA:214,7
DA:215,2
DA:216,2
DA:217,2
DA:218,2
DA:219,2
DA:220,2
DA:221,2
DA:222,2
DA:223,2
DA:224,2
DA:225,0
DA:226,2
DA:227,2
DA:228,2
DA:229,2
DA:230,2
DA:231,1
DA:232,1
DA:233,2
DA:234,2
DA:235,1021
DA:236,1021
DA:237,1021
DA:238,1021
DA:239,1021
DA:240,1021
DA:241,1021
DA:242,1021
DA:243,7
DA:244,5
DA:245,4
DA:246,4
DA:247,4
DA:248,4
DA:249,4
DA:250,4
DA:251,4
DA:252,4
DA:253,4
DA:254,4
DA:255,44
DA:256,43
DA:257,43
DA:258,4
DA:259,4
DA:260,5
DA:261,7
DA:262,8
DA:263,8
DA:264,8
DA:265,8
DA:266,8
DA:267,8
DA:268,8
DA:269,8
DA:270,79
DA:271,79
DA:272,1
DA:273,1
DA:274,1
DA:275,1
DA:276,79
DA:277,79
DA:278,1
DA:279,1
DA:280,1
DA:281,1
DA:282,79
DA:283,79
DA:284,8
DA:285,8
DA:286,8
DA:287,79
LF:287
LH:283
BRDA:8,0,0,15
BRDA:9,1,0,1281
BRDA:9,2,0,1281
BRDA:12,3,0,21
BRDA:13,4,0,18
BRDA:13,5,0,3
BRDA:14,6,0,0
BRDA:14,7,0,3
BRDA:15,8,0,3
BRDA:15,9,0,0
BRDA:17,10,0,7
BRDA:19,11,0,0
BRDA:25,12,0,79
BRDA:39,13,0,79
BRDA:45,14,0,0
BRDA:48,15,0,9
BRDA:49,16,0,0
BRDA:53,17,0,1
BRDA:56,18,0,11
BRDA:57,19,0,0
BRDA:60,20,0,10
BRDA:62,21,0,1
BRDA:71,22,0,2
BRDA:77,23,0,208
BRDA:78,24,0,128
BRDA:86,25,0,8
BRDA:88,26,0,7
BRDA:96,27,0,1
BRDA:100,28,0,1
BRDA:118,29,0,3
BRDA:118,30,0,3
BRDA:119,31,0,0
BRDA:119,32,0,0
BRDA:120,33,0,0
BRDA:133,34,0,0
BRDA:135,35,0,0
BRDA:108,36,0,3
BRDA:111,37,0,2
BRDA:141,38,0,1
BRDA:148,39,0,8
BRDA:150,40,0,0
BRDA:175,41,0,1
BRDA:184,42,0,7
BRDA:187,43,0,1
BRDA:187,44,0,6
BRDA:188,45,0,0
BRDA:190,46,0,2
BRDA:191,47,0,6
BRDA:192,48,0,2
BRDA:195,49,0,4
BRDA:195,50,0,3
BRDA:202,51,0,6
BRDA:202,52,0,6
BRDA:203,53,0,0
BRDA:209,54,0,6
BRDA:214,55,0,2
BRDA:218,56,0,1
BRDA:218,57,0,1
BRDA:223,58,0,0
BRDA:224,59,0,0
BRDA:230,60,0,1
BRDA:231,61,0,1
BRDA:234,62,0,1023
BRDA:234,63,0,1021
BRDA:235,64,0,0
BRDA:235,65,0,0
BRDA:236,66,0,0
BRDA:243,67,0,5
BRDA:244,68,0,4
BRDA:245,69,0,0
BRDA:246,70,0,0
BRDA:246,71,0,0
BRDA:247,72,0,0
BRDA:254,73,0,47
BRDA:254,74,0,44
BRDA:255,75,0,1
BRDA:255,76,0,43
BRDA:258,77,0,0
BRDA:265,78,0,5
BRDA:268,79,0,1
BRDA:160,80,0,8
BRDA:161,81,0,216
BRDA:162,82,0,206
BRDA:166,83,0,5
BRDA:167,84,0,211
BRDA:231,85,0,22
BRDA:231,86,0,21
BRDA:232,87,0,1001
BRDA:271,88,0,1
BRDA:272,89,0,0
BRDA:277,90,0,1
BRDA:278,91,0,0
BRDA:283,92,0,8
BRDA:285,93,0,1
BRF:94
BRH:68
end_of_record
TN:
SF:src/util/mode.ts
FN:12,computeMode
FN:35,detectMode
FNF:2
FNH:2
FNDA:11,computeMode
FNDA:3,detectMode
DA:1,1
DA:2,1
DA:3,1
DA:4,1
DA:5,1
DA:6,1
DA:7,1
DA:8,1
DA:9,1
DA:10,1
DA:11,1
DA:12,1
DA:13,11
DA:14,11
DA:15,11
DA:16,11
DA:17,11
DA:18,11
DA:19,7
DA:20,7
DA:21,11
DA:22,11
DA:23,11
DA:24,4
DA:25,4
DA:26,11
DA:27,11
DA:28,11
DA:29,2
DA:30,2
DA:31,2
DA:32,2
DA:33,1
DA:34,1
DA:35,1
DA:36,3
DA:37,3
DA:38,3
DA:39,3
DA:40,3
DA:41,3
DA:42,3
DA:43,3
DA:44,3
DA:45,3
DA:46,3
DA:47,3
DA:48,3
DA:49,0
DA:50,0
DA:51,0
DA:52,0
DA:53,0
DA:54,3
DA:55,3
DA:56,3
DA:57,3
DA:58,3
DA:59,3
DA:60,3
DA:61,3
DA:62,3
DA:63,3
DA:64,3
DA:65,3
DA:66,1
DA:67,1
DA:68,1
LF:68
LH:63
BRDA:12,0,0,11
BRDA:16,1,0,7
BRDA:17,2,0,8
BRDA:17,3,0,3
BRDA:17,4,0,8
BRDA:18,5,0,1
BRDA:18,6,0,7
BRDA:21,7,0,1
BRDA:21,8,0,6
BRDA:22,9,0,1
BRDA:22,10,0,5
BRDA:23,11,0,4
BRDA:23,12,0,1
BRDA:23,13,0,4
BRDA:26,14,0,1
BRDA:27,15,0,1
BRDA:27,16,0,3
BRDA:28,17,0,1
BRDA:28,18,0,2
BRDA:35,19,0,3
BRDA:37,20,0,0
BRDA:37,21,0,1
BRDA:48,22,0,0
BRDA:48,23,0,0
BRDA:58,24,0,0
BRDA:59,25,0,0
BRDA:60,26,0,0
BRDA:62,27,0,0
BRDA:62,28,0,2
BRF:29
BRH:22
end_of_record
